#
# There is insufficient memory for the Java Runtime Environment to continue.
# Native memory allocation (malloc) failed to allocate 262160 bytes for Chunk::new
# Possible reasons:
#   The system is out of physical RAM or swap space
#   In 32 bit mode, the process size limit was hit
# Possible solutions:
#   Reduce memory load on the system
#   Increase physical memory or swap space
#   Check if swap backing store is full
#   Use 64 bit Java on a 64 bit OS
#   Decrease Java heap size (-Xmx/-Xms)
#   Decrease number of Java threads
#   Decrease Java thread stack sizes (-Xss)
#   Set larger code cache with -XX:ReservedCodeCacheSize=
# This output file may be truncated or incomplete.
#
#  Out of Memory Error (allocation.cpp:390), pid=5808, tid=0x0000000000002438
#
# JRE version: Java(TM) SE Runtime Environment (8.0_144-b01) (build 1.8.0_144-b01)
# Java VM: Java HotSpot(TM) 64-Bit Server VM (25.144-b01 mixed mode windows-amd64 compressed oops)
# Failed to write core dump. Minidumps are not enabled by default on client versions of Windows
#

---------------  T H R E A D  ---------------

Current thread (0x0000000017c4a800):  JavaThread "C2 CompilerThread0" daemon [_thread_in_native, id=9272, stack(0x0000000019540000,0x0000000019640000)]

Stack: [0x0000000019540000,0x0000000019640000]
[error occurred during error reporting (printing stack bounds), id 0xc0000005]

Native frames: (J=compiled Java code, j=interpreted, Vv=VM code, C=native code)


Current CompileTask:
C2:  20000 4132   !   4       org.apache.catalina.startup.ContextConfig::populateJavaClassCache (159 bytes)


---------------  P R O C E S S  ---------------

Java Threads: ( => current thread )
  0x000000001ad69000 JavaThread "http-bio-9103-AsyncTimeout" daemon [_thread_in_vm, id=2260, stack(0x0000000025810000,0x0000000025910000)]
  0x000000001abed800 JavaThread "http-bio-9103-Acceptor-0" daemon [_thread_blocked, id=6356, stack(0x0000000025710000,0x0000000025810000)]
  0x000000001c3a3000 JavaThread "ContainerBackgroundProcessor[StandardEngine[Tomcat]]" daemon [_thread_blocked, id=5640, stack(0x0000000025610000,0x0000000025710000)]
  0x000000001f714800 JavaThread "Thread-3" daemon [_thread_in_native, id=2064, stack(0x0000000025310000,0x0000000025410000)]
  0x000000001c5c7800 JavaThread "localhost-startStop-1" daemon [_thread_blocked, id=9616, stack(0x000000001ef30000,0x000000001f030000)]
  0x000000001c6c5800 JavaThread "Tomcat-startStop-1" daemon [_thread_blocked, id=9660, stack(0x000000001ee30000,0x000000001ef30000)]
  0x0000000018fdf800 JavaThread "Service Thread" daemon [_thread_blocked, id=8072, stack(0x0000000019840000,0x0000000019940000)]
  0x0000000018f55000 JavaThread "C1 CompilerThread2" daemon [_thread_blocked, id=5448, stack(0x0000000019740000,0x0000000019840000)]
  0x0000000017c4d000 JavaThread "C2 CompilerThread1" daemon [_thread_in_native, id=6976, stack(0x0000000019640000,0x0000000019740000)]
=>0x0000000017c4a800 JavaThread "C2 CompilerThread0" daemon [_thread_in_native, id=9272, stack(0x0000000019540000,0x0000000019640000)]
  0x0000000017bfe000 JavaThread "Attach Listener" daemon [_thread_blocked, id=4388, stack(0x0000000019440000,0x0000000019540000)]
  0x0000000018f48800 JavaThread "Signal Dispatcher" daemon [_thread_blocked, id=8536, stack(0x0000000019340000,0x0000000019440000)]
  0x0000000017bd9000 JavaThread "Finalizer" daemon [_thread_blocked, id=3936, stack(0x0000000018e40000,0x0000000018f40000)]
  0x00000000030f1000 JavaThread "Reference Handler" daemon [_thread_blocked, id=10148, stack(0x0000000018d40000,0x0000000018e40000)]
  0x0000000002b5e000 JavaThread "main" [_thread_blocked, id=4508, stack(0x0000000002f00000,0x0000000003000000)]

Other Threads:
  0x0000000017bb7800 VMThread [stack: 0x0000000018c40000,0x0000000018d40000] [id=9896]
  0x0000000019010000 WatcherThread [stack: 0x0000000019940000,0x0000000019a40000] [id=6460]

VM state:synchronizing (normal execution)

VM Mutex/Monitor currently owned by a thread:  ([mutex/lock_event])
[0x0000000002b5d830] Threads_lock - owner thread: 0x0000000017bb7800

Heap:
 PSYoungGen      total 222208K, used 191610K [0x00000000d6000000, 0x00000000e5a80000, 0x0000000100000000)
  eden space 195584K, 86% used [0x00000000d6000000,0x00000000e0513a60,0x00000000e1f00000)
  from space 26624K, 84% used [0x00000000e3b00000,0x00000000e510afb0,0x00000000e5500000)
  to   space 28672K, 0% used [0x00000000e1f00000,0x00000000e1f00000,0x00000000e3b00000)
 ParOldGen       total 64000K, used 45785K [0x0000000082000000, 0x0000000085e80000, 0x00000000d6000000)
  object space 64000K, 71% used [0x0000000082000000,0x0000000084cb67a0,0x0000000085e80000)
 Metaspace       used 27454K, capacity 28138K, committed 28336K, reserved 1075200K
  class space    used 3241K, capacity 3461K, committed 3504K, reserved 1048576K

Card table byte_map: [0x00000000124c0000,0x00000000128c0000] byte_map_base: 0x00000000120b0000

Marking Bits: (ParMarkBitMap*) 0x000000005557d850
 Begin Bits: [0x0000000012f60000, 0x0000000014ee0000)
 End Bits:   [0x0000000014ee0000, 0x0000000016e60000)

Polling page: 0x0000000001280000

CodeCache: size=245760Kb used=12573Kb max_used=12805Kb free=233186Kb
 bounds [0x0000000003100000, 0x0000000003da0000, 0x0000000012100000]
 total_blobs=4213 nmethods=3790 adapters=335
 compilation: enabled

Compilation events (10 events):
Event: 19.702 Thread 0x0000000018f55000 nmethod 4420 0x0000000003228c90 code [0x0000000003228e20, 0x0000000003229158]
Event: 19.702 Thread 0x0000000018f55000 4421       2       java.util.LinkedList$ListItr::checkForComodification (23 bytes)
Event: 19.703 Thread 0x0000000018f55000 nmethod 4421 0x0000000003268a50 code [0x0000000003268bc0, 0x0000000003268dc8]
Event: 19.727 Thread 0x0000000018f55000 4422       2       java.lang.reflect.Method::hashCode (19 bytes)
Event: 19.728 Thread 0x0000000018f55000 nmethod 4422 0x0000000003528610 code [0x0000000003528780, 0x0000000003528988]
Event: 19.728 Thread 0x0000000018f55000 4423       2       org.springframework.util.Assert::notNull (14 bytes)
Event: 19.728 Thread 0x0000000018f55000 nmethod 4423 0x0000000003791ad0 code [0x0000000003791c40, 0x0000000003791e08]
Event: 19.728 Thread 0x0000000018f55000 4424       2       java.lang.Class::getGenericInterfaces (21 bytes)
Event: 19.729 Thread 0x0000000018f55000 nmethod 4424 0x0000000003beddd0 code [0x0000000003bedf40, 0x0000000003bee108]
Event: 19.764 Thread 0x0000000018f55000 4425   !   2       java.util.ResourceBundle$Control::newBundle (232 bytes)

GC Heap History (10 events):
Event: 14.783 GC heap before
{Heap before GC invocations=9 (full 1):
 PSYoungGen      total 74240K, used 65536K [0x00000000d6000000, 0x00000000df200000, 0x0000000100000000)
  eden space 65536K, 100% used [0x00000000d6000000,0x00000000da000000,0x00000000da000000)
  from space 8704K, 0% used [0x00000000da000000,0x00000000da000000,0x00000000da880000)
  to   space 9216K, 0% used [0x00000000de900000,0x00000000de900000,0x00000000df200000)
 ParOldGen       total 64000K, used 14605K [0x0000000082000000, 0x0000000085e80000, 0x00000000d6000000)
  object space 64000K, 22% used [0x0000000082000000,0x0000000082e437b0,0x0000000085e80000)
 Metaspace       used 23835K, capacity 24344K, committed 24496K, reserved 1071104K
  class space    used 2777K, capacity 2901K, committed 2992K, reserved 1048576K
Event: 14.807 GC heap after
Heap after GC invocations=9 (full 1):
 PSYoungGen      total 112640K, used 9208K [0x00000000d6000000, 0x00000000df200000, 0x0000000100000000)
  eden space 103424K, 0% used [0x00000000d6000000,0x00000000d6000000,0x00000000dc500000)
  from space 9216K, 99% used [0x00000000de900000,0x00000000df1fe150,0x00000000df200000)
  to   space 11264K, 0% used [0x00000000ddc00000,0x00000000ddc00000,0x00000000de700000)
 ParOldGen       total 64000K, used 17050K [0x0000000082000000, 0x0000000085e80000, 0x00000000d6000000)
  object space 64000K, 26% used [0x0000000082000000,0x00000000830a6a70,0x0000000085e80000)
 Metaspace       used 23835K, capacity 24344K, committed 24496K, reserved 1071104K
  class space    used 2777K, capacity 2901K, committed 2992K, reserved 1048576K
}
Event: 15.623 GC heap before
{Heap before GC invocations=10 (full 1):
 PSYoungGen      total 112640K, used 112632K [0x00000000d6000000, 0x00000000df200000, 0x0000000100000000)
  eden space 103424K, 100% used [0x00000000d6000000,0x00000000dc500000,0x00000000dc500000)
  from space 9216K, 99% used [0x00000000de900000,0x00000000df1fe150,0x00000000df200000)
  to   space 11264K, 0% used [0x00000000ddc00000,0x00000000ddc00000,0x00000000de700000)
 ParOldGen       total 64000K, used 17050K [0x0000000082000000, 0x0000000085e80000, 0x00000000d6000000)
  object space 64000K, 26% used [0x0000000082000000,0x00000000830a6a70,0x0000000085e80000)
 Metaspace       used 23851K, capacity 24376K, committed 24496K, reserved 1071104K
  class space    used 2778K, capacity 2933K, committed 2992K, reserved 1048576K
Event: 15.659 GC heap after
Heap after GC invocations=10 (full 1):
 PSYoungGen      total 138240K, used 11244K [0x00000000d6000000, 0x00000000e0a80000, 0x0000000100000000)
  eden space 126976K, 0% used [0x00000000d6000000,0x00000000d6000000,0x00000000ddc00000)
  from space 11264K, 99% used [0x00000000ddc00000,0x00000000de6fb140,0x00000000de700000)
  to   space 15872K, 0% used [0x00000000dfb00000,0x00000000dfb00000,0x00000000e0a80000)
 ParOldGen       total 64000K, used 26351K [0x0000000082000000, 0x0000000085e80000, 0x00000000d6000000)
  object space 64000K, 41% used [0x0000000082000000,0x00000000839bbf90,0x0000000085e80000)
 Metaspace       used 23851K, capacity 24376K, committed 24496K, reserved 1071104K
  class space    used 2778K, capacity 2933K, committed 2992K, reserved 1048576K
}
Event: 16.564 GC heap before
{Heap before GC invocations=11 (full 1):
 PSYoungGen      total 138240K, used 138220K [0x00000000d6000000, 0x00000000e0a80000, 0x0000000100000000)
  eden space 126976K, 100% used [0x00000000d6000000,0x00000000ddc00000,0x00000000ddc00000)
  from space 11264K, 99% used [0x00000000ddc00000,0x00000000de6fb140,0x00000000de700000)
  to   space 15872K, 0% used [0x00000000dfb00000,0x00000000dfb00000,0x00000000e0a80000)
 ParOldGen       total 64000K, used 26351K [0x0000000082000000, 0x0000000085e80000, 0x00000000d6000000)
  object space 64000K, 41% used [0x0000000082000000,0x00000000839bbf90,0x0000000085e80000)
 Metaspace       used 23853K, capacity 24376K, committed 24496K, reserved 1071104K
  class space    used 2778K, capacity 2933K, committed 2992K, reserved 1048576K
Event: 16.623 GC heap after
Heap after GC invocations=11 (full 1):
 PSYoungGen      total 153088K, used 15869K [0x00000000d6000000, 0x00000000e3a00000, 0x0000000100000000)
  eden space 137216K, 0% used [0x00000000d6000000,0x00000000d6000000,0x00000000de600000)
  from space 15872K, 99% used [0x00000000dfb00000,0x00000000e0a7f498,0x00000000e0a80000)
  to   space 21504K, 0% used [0x00000000de600000,0x00000000de600000,0x00000000dfb00000)
 ParOldGen       total 64000K, used 36856K [0x0000000082000000, 0x0000000085e80000, 0x00000000d6000000)
  object space 64000K, 57% used [0x0000000082000000,0x00000000843fe158,0x0000000085e80000)
 Metaspace       used 23853K, capacity 24376K, committed 24496K, reserved 1071104K
  class space    used 2778K, capacity 2933K, committed 2992K, reserved 1048576K
}
Event: 17.433 GC heap before
{Heap before GC invocations=12 (full 1):
 PSYoungGen      total 153088K, used 153085K [0x00000000d6000000, 0x00000000e3a00000, 0x0000000100000000)
  eden space 137216K, 100% used [0x00000000d6000000,0x00000000de600000,0x00000000de600000)
  from space 15872K, 99% used [0x00000000dfb00000,0x00000000e0a7f498,0x00000000e0a80000)
  to   space 21504K, 0% used [0x00000000de600000,0x00000000de600000,0x00000000dfb00000)
 ParOldGen       total 64000K, used 36856K [0x0000000082000000, 0x0000000085e80000, 0x00000000d6000000)
  object space 64000K, 57% used [0x0000000082000000,0x00000000843fe158,0x0000000085e80000)
 Metaspace       used 23875K, capacity 24444K, committed 24752K, reserved 1071104K
  class space    used 2781K, capacity 2933K, committed 2992K, reserved 1048576K
Event: 17.485 GC heap after
Heap after GC invocations=12 (full 1):
 PSYoungGen      total 158720K, used 21484K [0x00000000d6000000, 0x00000000e5500000, 0x0000000100000000)
  eden space 137216K, 0% used [0x00000000d6000000,0x00000000d6000000,0x00000000de600000)
  from space 21504K, 99% used [0x00000000de600000,0x00000000dfafb148,0x00000000dfb00000)
  to   space 26624K, 0% used [0x00000000e3b00000,0x00000000e3b00000,0x00000000e5500000)
 ParOldGen       total 64000K, used 42916K [0x0000000082000000, 0x0000000085e80000, 0x00000000d6000000)
  object space 64000K, 67% used [0x0000000082000000,0x00000000849e91a8,0x0000000085e80000)
 Metaspace       used 23875K, capacity 24444K, committed 24752K, reserved 1071104K
  class space    used 2781K, capacity 2933K, committed 2992K, reserved 1048576K
}
Event: 18.257 GC heap before
{Heap before GC invocations=13 (full 1):
 PSYoungGen      total 158720K, used 158700K [0x00000000d6000000, 0x00000000e5500000, 0x0000000100000000)
  eden space 137216K, 100% used [0x00000000d6000000,0x00000000de600000,0x00000000de600000)
  from space 21504K, 99% used [0x00000000de600000,0x00000000dfafb148,0x00000000dfb00000)
  to   space 26624K, 0% used [0x00000000e3b00000,0x00000000e3b00000,0x00000000e5500000)
 ParOldGen       total 64000K, used 42916K [0x0000000082000000, 0x0000000085e80000, 0x00000000d6000000)
  object space 64000K, 67% used [0x0000000082000000,0x00000000849e91a8,0x0000000085e80000)
 Metaspace       used 23885K, capacity 24454K, committed 24752K, reserved 1071104K
  class space    used 2783K, capacity 2935K, committed 2992K, reserved 1048576K
Event: 18.304 GC heap after
Heap after GC invocations=13 (full 1):
 PSYoungGen      total 222208K, used 22571K [0x00000000d6000000, 0x00000000e5a80000, 0x0000000100000000)
  eden space 195584K, 0% used [0x00000000d6000000,0x00000000d6000000,0x00000000e1f00000)
  from space 26624K, 84% used [0x00000000e3b00000,0x00000000e510afb0,0x00000000e5500000)
  to   space 28672K, 0% used [0x00000000e1f00000,0x00000000e1f00000,0x00000000e3b00000)
 ParOldGen       total 64000K, used 45785K [0x0000000082000000, 0x0000000085e80000, 0x00000000d6000000)
  object space 64000K, 71% used [0x0000000082000000,0x0000000084cb67a0,0x0000000085e80000)
 Metaspace       used 23885K, capacity 24454K, committed 24752K, reserved 1071104K
  class space    used 2783K, capacity 2935K, committed 2992K, reserved 1048576K
}

Deoptimization events (10 events):
Event: 16.795 Thread 0x000000001c5c7800 Uncommon trap: reason=unstable_if action=reinterpret pc=0x0000000003c021e8 method=org.codehaus.plexus.classworlds.realm.Entry.matches(Ljava/lang/String;)Z @ 209
Event: 17.292 Thread 0x000000001c5c7800 Uncommon trap: reason=unstable_if action=reinterpret pc=0x0000000003d6df34 method=org.apache.catalina.startup.ContextConfig.getSCIsForClass(Ljava/lang/String;)Ljava/util/Set; @ 62
Event: 18.324 Thread 0x000000001c5c7800 Uncommon trap: reason=unstable_if action=reinterpret pc=0x0000000003d89eec method=java.util.LinkedHashMap.afterNodeAccess(Ljava/util/HashMap$Node;)V @ 41
Event: 18.430 Thread 0x000000001c5c7800 Uncommon trap: reason=unstable_if action=reinterpret pc=0x0000000003c8b61c method=java.util.HashMap.removeNode(ILjava/lang/Object;Ljava/lang/Object;ZZ)Ljava/util/HashMap$Node; @ 71
Event: 18.482 Thread 0x000000001c5c7800 Uncommon trap: reason=unloaded action=reinterpret pc=0x0000000003d7ddc8 method=org.apache.tomcat.util.bcel.classfile.Attribute.readAttribute(Ljava/io/DataInputStream;Lorg/apache/tomcat/util/bcel/classfile/ConstantPool;)Lorg/apache/tomcat/util/bcel/classfi
Event: 19.158 Thread 0x000000001c5c7800 Uncommon trap: reason=unstable_if action=reinterpret pc=0x0000000003ae24dc method=java.util.StringTokenizer.setMaxDelimCodePoint()V @ 71
Event: 19.164 Thread 0x000000001c5c7800 Uncommon trap: reason=unstable_if action=reinterpret pc=0x0000000003c5efac method=org.apache.tomcat.util.file.Matcher.isAbsolutePath(Ljava/lang/String;)Z @ 6
Event: 19.192 Thread 0x000000001c5c7800 Uncommon trap: reason=unstable_if action=reinterpret pc=0x0000000003c0db18 method=com.sun.org.apache.xerces.internal.impl.XMLEntityScanner.scanContent(Lcom/sun/org/apache/xerces/internal/xni/XMLString;)I @ 418
Event: 19.195 Thread 0x000000001c5c7800 Uncommon trap: reason=unstable_if action=reinterpret pc=0x0000000003924660 method=com.sun.org.apache.xerces.internal.impl.XMLEntityScanner.scanName(Lcom/sun/org/apache/xerces/internal/impl/XMLScanner$NameType;)Ljava/lang/String; @ 69
Event: 19.389 Thread 0x000000001c5c7800 Uncommon trap: reason=predicate action=maybe_recompile pc=0x0000000003c70654 method=java.lang.String.regionMatches(ZILjava/lang/String;II)Z @ 63

Internal exceptions (10 events):
Event: 19.429 Thread 0x000000001c5c7800 Exception <a 'java/io/FileNotFoundException'> (0x00000000df031e78) thrown at [C:\re\workspace\8-2-build-windows-amd64-cygwin\jdk8u144\9417\hotspot\src\share\vm\prims\jni.cpp, line 709]
Event: 19.631 Thread 0x000000001c5c7800 Exception <a 'java/io/FileNotFoundException'> (0x00000000df776010) thrown at [C:\re\workspace\8-2-build-windows-amd64-cygwin\jdk8u144\9417\hotspot\src\share\vm\prims\jni.cpp, line 709]
Event: 19.710 Thread 0x000000001c5c7800 Exception <a 'java/lang/ClassNotFoundException': org/springframework/web/filter/CharacterEncodingFilterBeanInfo> (0x00000000df984b20) thrown at [C:\re\workspace\8-2-build-windows-amd64-cygwin\jdk8u144\9417\hotspot\src\share\vm\classfile\systemDictionary.c
Event: 19.711 Thread 0x000000001c5c7800 Exception <a 'java/lang/ClassNotFoundException': org/springframework/web/filter/OncePerRequestFilterBeanInfo> (0x00000000df9a8e78) thrown at [C:\re\workspace\8-2-build-windows-amd64-cygwin\jdk8u144\9417\hotspot\src\share\vm\classfile\systemDictionary.cpp,
Event: 19.713 Thread 0x000000001c5c7800 Exception <a 'java/lang/ClassNotFoundException': org/springframework/web/filter/GenericFilterBeanBeanInfo> (0x00000000df9cbc60) thrown at [C:\re\workspace\8-2-build-windows-amd64-cygwin\jdk8u144\9417\hotspot\src\share\vm\classfile\systemDictionary.cpp, li
Event: 19.713 Thread 0x000000001c5c7800 Exception <a 'java/lang/ClassNotFoundException': java/lang/ObjectBeanInfo> (0x00000000df9d7630) thrown at [C:\re\workspace\8-2-build-windows-amd64-cygwin\jdk8u144\9417\hotspot\src\share\vm\classfile\systemDictionary.cpp, line 210]
Event: 19.714 Thread 0x000000001c5c7800 Exception <a 'java/lang/ClassNotFoundException': java/lang/ObjectCustomizer> (0x00000000df9e31c0) thrown at [C:\re\workspace\8-2-build-windows-amd64-cygwin\jdk8u144\9417\hotspot\src\share\vm\classfile\systemDictionary.cpp, line 210]
Event: 19.719 Thread 0x000000001c5c7800 Exception <a 'java/lang/ClassNotFoundException': org/springframework/web/filter/GenericFilterBeanCustomizer> (0x00000000dfa0d1b0) thrown at [C:\re\workspace\8-2-build-windows-amd64-cygwin\jdk8u144\9417\hotspot\src\share\vm\classfile\systemDictionary.cpp, 
Event: 19.720 Thread 0x000000001c5c7800 Exception <a 'java/lang/ClassNotFoundException': org/springframework/web/filter/OncePerRequestFilterCustomizer> (0x00000000dfa38268) thrown at [C:\re\workspace\8-2-build-windows-amd64-cygwin\jdk8u144\9417\hotspot\src\share\vm\classfile\systemDictionary.cp
Event: 19.722 Thread 0x000000001c5c7800 Exception <a 'java/lang/ClassNotFoundException': org/springframework/web/filter/CharacterEncodingFilterCustomizer> (0x00000000dfa60578) thrown at [C:\re\workspace\8-2-build-windows-amd64-cygwin\jdk8u144\9417\hotspot\src\share\vm\classfile\systemDictionary

Events (10 events):
Event: 19.765 loading class javax/servlet/http/LocalStrings_zh_Hans_CN
Event: 19.765 loading class javax/servlet/http/LocalStrings_zh_Hans_CN done
Event: 19.765 loading class javax/servlet/http/LocalStrings_zh_Hans_CN
Event: 19.765 loading class javax/servlet/http/LocalStrings_zh_Hans_CN done
Event: 19.765 loading class javax/servlet/http/LocalStrings_zh_Hans_CN
Event: 19.765 loading class javax/servlet/http/LocalStrings_zh_Hans_CN done
Event: 19.766 loading class org/apache/catalina/servlets/LocalStrings
Event: 19.766 loading class org/apache/catalina/servlets/LocalStrings done
Event: 19.766 loading class org/apache/catalina/servlets/LocalStrings
Event: 19.766 loading class org/apache/catalina/servlets/LocalStrings done


Dynamic libraries:
0x00007ff773f80000 - 0x00007ff773fb7000 	E:\eclipse\javaenvironment\bin\javaw.exe
0x00007ffb771a0000 - 0x00007ffb77381000 	C:\WINDOWS\SYSTEM32\ntdll.dll
0x00007ffb76070000 - 0x00007ffb76122000 	C:\WINDOWS\System32\KERNEL32.DLL
0x00007ffb741b0000 - 0x00007ffb74423000 	C:\WINDOWS\System32\KERNELBASE.dll
0x00007ffb76ac0000 - 0x00007ffb76b61000 	C:\WINDOWS\System32\ADVAPI32.dll
0x00007ffb762a0000 - 0x00007ffb7633e000 	C:\WINDOWS\System32\msvcrt.dll
0x00007ffb763e0000 - 0x00007ffb7643b000 	C:\WINDOWS\System32\sechost.dll
0x00007ffb74630000 - 0x00007ffb74754000 	C:\WINDOWS\System32\RPCRT4.dll
0x00007ffb74840000 - 0x00007ffb749d0000 	C:\WINDOWS\System32\USER32.dll
0x00007ffb73e70000 - 0x00007ffb73e90000 	C:\WINDOWS\System32\win32u.dll
0x00007ffb76e00000 - 0x00007ffb76e28000 	C:\WINDOWS\System32\GDI32.dll
0x00007ffb74490000 - 0x00007ffb74622000 	C:\WINDOWS\System32\gdi32full.dll
0x00007ffb73c80000 - 0x00007ffb73d1f000 	C:\WINDOWS\System32\msvcp_win.dll
0x00007ffb73d20000 - 0x00007ffb73e1a000 	C:\WINDOWS\System32\ucrtbase.dll
0x00007ffb63a70000 - 0x00007ffb63cd9000 	C:\WINDOWS\WinSxS\amd64_microsoft.windows.common-controls_6595b64144ccf1df_6.0.17134.48_none_b4b2216a3cb4dd3e\COMCTL32.dll
0x00007ffb76e30000 - 0x00007ffb77153000 	C:\WINDOWS\System32\combase.dll
0x00007ffb73f40000 - 0x00007ffb73fba000 	C:\WINDOWS\System32\bcryptPrimitives.dll
0x00007ffb76040000 - 0x00007ffb7606d000 	C:\WINDOWS\System32\IMM32.DLL
0x0000000055600000 - 0x00000000556d2000 	E:\eclipse\javaenvironment\jre\bin\msvcr100.dll
0x0000000054d60000 - 0x00000000555fd000 	E:\eclipse\javaenvironment\jre\bin\server\jvm.dll
0x00007ffb77160000 - 0x00007ffb77168000 	C:\WINDOWS\System32\PSAPI.DLL
0x00007ffb66160000 - 0x00007ffb66169000 	C:\WINDOWS\SYSTEM32\WSOCK32.dll
0x00007ffb75fd0000 - 0x00007ffb7603c000 	C:\WINDOWS\System32\WS2_32.dll
0x00007ffb71200000 - 0x00007ffb71223000 	C:\WINDOWS\SYSTEM32\WINMM.dll
0x00007ffb67a80000 - 0x00007ffb67a8a000 	C:\WINDOWS\SYSTEM32\VERSION.dll
0x00007ffb711d0000 - 0x00007ffb711fa000 	C:\WINDOWS\SYSTEM32\WINMMBASE.dll
0x00007ffb73e20000 - 0x00007ffb73e69000 	C:\WINDOWS\System32\cfgmgr32.dll
0x0000000054d50000 - 0x0000000054d5f000 	E:\eclipse\javaenvironment\jre\bin\verify.dll
0x0000000054d20000 - 0x0000000054d49000 	E:\eclipse\javaenvironment\jre\bin\java.dll
0x0000000054d00000 - 0x0000000054d16000 	E:\eclipse\javaenvironment\jre\bin\zip.dll
0x00007ffb749d0000 - 0x00007ffb75e10000 	C:\WINDOWS\System32\SHELL32.dll
0x00007ffb76890000 - 0x00007ffb76939000 	C:\WINDOWS\System32\shcore.dll
0x00007ffb73570000 - 0x00007ffb73c7d000 	C:\WINDOWS\System32\windows.storage.dll
0x00007ffb76240000 - 0x00007ffb76291000 	C:\WINDOWS\System32\shlwapi.dll
0x00007ffb734b0000 - 0x00007ffb734c1000 	C:\WINDOWS\System32\kernel.appcore.dll
0x00007ffb73550000 - 0x00007ffb7356f000 	C:\WINDOWS\System32\profapi.dll
0x00007ffb734d0000 - 0x00007ffb7351c000 	C:\WINDOWS\System32\powrprof.dll
0x00007ffb73520000 - 0x00007ffb7352a000 	C:\WINDOWS\System32\FLTLIB.DLL
0x00007ffb72ee0000 - 0x00007ffb72ef7000 	C:\WINDOWS\SYSTEM32\CRYPTSP.dll
0x00007ffb72910000 - 0x00007ffb72943000 	C:\WINDOWS\system32\rsaenh.dll
0x00007ffb73010000 - 0x00007ffb73035000 	C:\WINDOWS\SYSTEM32\bcrypt.dll
0x00007ffb733b0000 - 0x00007ffb733d8000 	C:\WINDOWS\SYSTEM32\USERENV.dll
0x00007ffb72f00000 - 0x00007ffb72f0b000 	C:\WINDOWS\SYSTEM32\CRYPTBASE.dll
0x0000000054ce0000 - 0x0000000054cfa000 	E:\eclipse\javaenvironment\jre\bin\net.dll
0x00007ffb72d30000 - 0x00007ffb72d96000 	C:\WINDOWS\system32\mswsock.dll
0x00007ffb72ab0000 - 0x00007ffb72ae8000 	C:\WINDOWS\SYSTEM32\IPHLPAPI.DLL
0x00007ffb75fb0000 - 0x00007ffb75fb8000 	C:\WINDOWS\System32\NSI.dll
0x00007ffb6c350000 - 0x00007ffb6c366000 	C:\WINDOWS\SYSTEM32\dhcpcsvc6.DLL
0x00007ffb6c330000 - 0x00007ffb6c34a000 	C:\WINDOWS\SYSTEM32\dhcpcsvc.DLL
0x0000000054cc0000 - 0x0000000054cd1000 	E:\eclipse\javaenvironment\jre\bin\nio.dll
0x00007ffb67f80000 - 0x00007ffb67f8a000 	C:\Users\Administrator\AppData\Local\Temp\jansi-1.17.1-7530325669880686263.dll
0x00007ffb67970000 - 0x00007ffb6797a000 	C:\Users\Administrator\AppData\Local\Temp\jansi-1.17.1-852020100657286035.dll
0x0000000054cb0000 - 0x0000000054cbd000 	E:\eclipse\javaenvironment\jre\bin\management.dll

VM Arguments:
jvm_args: -Dmaven.home=F:\maven\apache-maven-3.5.4 -Dclassworlds.conf=E:\eclipse\java\.metadata\.plugins\org.eclipse.m2e.launching\launches\m2conf8259547043737910840.tmp -Dmaven.multiModuleProjectDirectory=E:\eclipse\java\pinyougou-parent\pinyougou-portal-web -Dfile.encoding=UTF-8 
java_command: org.codehaus.plexus.classworlds.launcher.Launcher -B -gs F:\maven\apache-maven-3.5.4\conf\settings.xml -s F:\maven\apache-maven-3.5.4\conf\settings.xml tomcat7:run
java_class_path (initial): F:\maven\apache-maven-3.5.4\boot\plexus-classworlds-2.5.2.jar
Launcher Type: SUN_STANDARD

Environment Variables:
JAVA_HOME=E:\eclipse\javaenvironment
CLASSPATH=.;E:\eclipse\javaenvironment\lib\dt.jar;E:\eclipse\javaenvironment\lib\tools.jar
PATH=E:/eclipse/javaenvironment/bin/../jre/bin/server;E:/eclipse/javaenvironment/bin/../jre/bin;E:/eclipse/javaenvironment/bin/../jre/lib/amd64;F:\ADS1.2\bin;F:\notepad\Notepad++7.5.6\Notepad++\plugins\database;F:\notepad\Notepad++7.5.6\Notepad++\plugins\PHP\ext;F:\notepad\Notepad++7.5.6\Notepad++\plugins\PHP;F:\notepad\we\Notepad++\plugins\database;F:\notepad\we\Notepad++\plugins\PHP\ext;F:\notepad\we\Notepad++\plugins\PHP;C:\WINDOWS\system32;C:\WINDOWS;C:\WINDOWS\System32\Wbem;C:\WINDOWS\System32\WindowsPowerShell\v1.0\;E:\eclipse\javaenvironment\bin;E:\eclipse\javaenvironment\jre\bin;C:\Program Files (x86)\Microsoft SQL Server\100\Tools\Binn\;C:\Program Files\Microsoft SQL Server\100\Tools\Binn\;C:\Program Files\Microsoft SQL Server\100\DTS\Binn\;F:\¹¤¾ß\QuickTime\QTSystem\;C:\WINDOWS\System32\OpenSSH\;F:\secure\crt\;F:\mysql\mysql-8.0.12-winx64\bin;F:\maven\apache-maven-3.5.4\bin;"F:\apache-ant-1.10.3\bin;";E:\python\Scripts\;E:\python\;C:\Users\Administrator\AppData\Local\Microsoft\WindowsApps;;C:\Users\Administrator\Desktop;
USERNAME=Administrator
OS=Windows_NT
PROCESSOR_IDENTIFIER=Intel64 Family 6 Model 58 Stepping 9, GenuineIntel



---------------  S Y S T E M  ---------------

OS: Windows 10.0 , 64 bit Build 17134 (10.0.17134.1)

CPU:total 4 (initial active 4) (2 cores per cpu, 2 threads per core) family 6 model 58 stepping 9, cmov, cx8, fxsr, mmx, sse, sse2, sse3, ssse3, sse4.1, sse4.2, popcnt, avx, clmul, erms, ht, tsc, tscinvbit, tscinv

Memory: 4k page, physical 8254308k(1869552k free), swap 8254308k(1124k free)

vm_info: Java HotSpot(TM) 64-Bit Server VM (25.144-b01) for windows-amd64 JRE (1.8.0_144-b01), built on Jul 21 2017 21:57:33 by "java_re" with MS VC++ 10.0 (VS2010)

time: Fri Sep 14 18:15:18 2018
elapsed time: 19 seconds (0d 0h 0m 19s)

