#
# There is insufficient memory for the Java Runtime Environment to continue.
# Native memory allocation (malloc) failed to allocate 65552 bytes for Chunk::new
# Possible reasons:
#   The system is out of physical RAM or swap space
#   In 32 bit mode, the process size limit was hit
# Possible solutions:
#   Reduce memory load on the system
#   Increase physical memory or swap space
#   Check if swap backing store is full
#   Use 64 bit Java on a 64 bit OS
#   Decrease Java heap size (-Xmx/-Xms)
#   Decrease number of Java threads
#   Decrease Java thread stack sizes (-Xss)
#   Set larger code cache with -XX:ReservedCodeCacheSize=
# This output file may be truncated or incomplete.
#
#  Out of Memory Error (allocation.cpp:390), pid=8816, tid=0x0000000000001144
#
# JRE version: Java(TM) SE Runtime Environment (8.0_144-b01) (build 1.8.0_144-b01)
# Java VM: Java HotSpot(TM) 64-Bit Server VM (25.144-b01 mixed mode windows-amd64 compressed oops)
# Failed to write core dump. Minidumps are not enabled by default on client versions of Windows
#

---------------  T H R E A D  ---------------

Current thread (0x0000000018c14000):  JavaThread "C2 CompilerThread1" daemon [_thread_in_native, id=4420, stack(0x0000000019300000,0x0000000019400000)]

Stack: [0x0000000019300000,0x0000000019400000]
[error occurred during error reporting (printing stack bounds), id 0xc0000005]

Native frames: (J=compiled Java code, j=interpreted, Vv=VM code, C=native code)


Current CompileTask:
C2:  18857 4166       4       org.apache.catalina.startup.ContextConfig::populateSCIsForCacheEntry (192 bytes)


---------------  P R O C E S S  ---------------

Java Threads: ( => current thread )
  0x000000001a1e4000 JavaThread "localhost-startStop-1" daemon [_thread_blocked, id=6592, stack(0x000000001e2a0000,0x000000001e3a0000)]
  0x000000001d44c000 JavaThread "Tomcat-startStop-1" daemon [_thread_blocked, id=8076, stack(0x000000001e1a0000,0x000000001e2a0000)]
  0x0000000018ca3800 JavaThread "Service Thread" daemon [_thread_blocked, id=8200, stack(0x0000000019500000,0x0000000019600000)]
  0x0000000018c1b000 JavaThread "C1 CompilerThread2" daemon [_thread_blocked, id=7848, stack(0x0000000019400000,0x0000000019500000)]
=>0x0000000018c14000 JavaThread "C2 CompilerThread1" daemon [_thread_in_native, id=4420, stack(0x0000000019300000,0x0000000019400000)]
  0x000000001788b800 JavaThread "C2 CompilerThread0" daemon [_thread_in_native, id=6652, stack(0x0000000019200000,0x0000000019300000)]
  0x000000001783f000 JavaThread "Attach Listener" daemon [_thread_blocked, id=2940, stack(0x0000000019100000,0x0000000019200000)]
  0x0000000018c08800 JavaThread "Signal Dispatcher" daemon [_thread_blocked, id=1488, stack(0x0000000019000000,0x0000000019100000)]
  0x0000000017819000 JavaThread "Finalizer" daemon [_thread_blocked, id=4188, stack(0x0000000018aa0000,0x0000000018ba0000)]
  0x0000000002d31000 JavaThread "Reference Handler" daemon [_thread_blocked, id=10132, stack(0x00000000189a0000,0x0000000018aa0000)]
  0x00000000027ae000 JavaThread "main" [_thread_blocked, id=6176, stack(0x00000000027b0000,0x00000000028b0000)]

Other Threads:
  0x00000000177f7800 VMThread [stack: 0x00000000188a0000,0x00000000189a0000] [id=9776]
  0x0000000018cd3000 WatcherThread [stack: 0x0000000019600000,0x0000000019700000] [id=6304]

VM state:at safepoint (normal execution)

VM Mutex/Monitor currently owned by a thread:  ([mutex/lock_event])
[0x00000000027ace30] Threads_lock - owner thread: 0x00000000177f7800
[0x00000000027ad230] Heap_lock - owner thread: 0x000000001a1e4000

Heap:
 PSYoungGen      total 231424K, used 231401K [0x00000000d6000000, 0x00000000e6400000, 0x0000000100000000)
  eden space 208384K, 100% used [0x00000000d6000000,0x00000000e2b80000,0x00000000e2b80000)
  from space 23040K, 99% used [0x00000000e2b80000,0x00000000e41fa638,0x00000000e4200000)
  to   space 16384K, 99% used [0x00000000e4200000,0x00000000e51f92f0,0x00000000e5200000)
 ParOldGen       total 67072K, used 67070K [0x0000000082000000, 0x0000000086180000, 0x00000000d6000000)
  object space 67072K, 99% used [0x0000000082000000,0x000000008617fb30,0x0000000086180000)
 Metaspace       used 23917K, capacity 24578K, committed 24752K, reserved 1071104K
  class space    used 2783K, capacity 2935K, committed 2992K, reserved 1048576K

Card table byte_map: [0x0000000012100000,0x0000000012500000] byte_map_base: 0x0000000011cf0000

Marking Bits: (ParMarkBitMap*) 0x000000005557d850
 Begin Bits: [0x0000000012ba0000, 0x0000000014b20000)
 End Bits:   [0x0000000014b20000, 0x0000000016aa0000)

Polling page: 0x0000000000970000

CodeCache: size=245760Kb used=11949Kb max_used=12142Kb free=233810Kb
 bounds [0x0000000002d40000, 0x0000000003990000, 0x0000000011d40000]
 total_blobs=4045 nmethods=3638 adapters=319
 compilation: enabled

Compilation events (10 events):
Event: 18.223 Thread 0x0000000018c1b000 4194       3       org.apache.tomcat.util.bcel.classfile.ParameterAnnotations::<init> (16 bytes)
Event: 18.224 Thread 0x0000000018c1b000 nmethod 4194 0x00000000035a7ed0 code [0x00000000035a8040, 0x00000000035a83d0]
Event: 18.224 Thread 0x0000000018c1b000 4195       3       org.apache.tomcat.util.bcel.classfile.ParameterAnnotations::setParameterAnnotationTable (20 bytes)
Event: 18.224 Thread 0x0000000018c1b000 nmethod 4195 0x0000000003746bd0 code [0x0000000003746d20, 0x0000000003746ef0]
Event: 18.225 Thread 0x0000000018c1b000 4196       3       org.apache.tomcat.util.bcel.classfile.ParameterAnnotations::<init> (70 bytes)
Event: 18.226 Thread 0x0000000018c1b000 nmethod 4196 0x000000000340a6d0 code [0x000000000340a8c0, 0x000000000340b2a8]
Event: 18.281 Thread 0x0000000018c1b000 4197 %     3       org.apache.tomcat.util.bcel.classfile.LocalVariableTypeTable::<init> @ 34 (67 bytes)
Event: 18.283 Thread 0x0000000018c1b000 nmethod 4197% 0x00000000030d4a10 code [0x00000000030d4be0, 0x00000000030d5478]
Event: 18.285 Thread 0x0000000018c1b000 4198       3       org.apache.tomcat.util.bcel.classfile.LocalVariableTypeTable::<init> (67 bytes)
Event: 18.286 Thread 0x0000000018c1b000 nmethod 4198 0x00000000036c1410 code [0x00000000036c15e0, 0x00000000036c1df8]

GC Heap History (10 events):
Event: 13.325 GC heap after
Heap after GC invocations=6 (full 0):
 PSYoungGen      total 140800K, used 8924K [0x00000000d6000000, 0x00000000df500000, 0x0000000100000000)
  eden space 130560K, 0% used [0x00000000d6000000,0x00000000d6000000,0x00000000ddf80000)
  from space 10240K, 87% used [0x00000000dea00000,0x00000000df2b7150,0x00000000df400000)
  to   space 10752K, 0% used [0x00000000ddf80000,0x00000000ddf80000,0x00000000dea00000)
 ParOldGen       total 86016K, used 12236K [0x0000000082000000, 0x0000000087400000, 0x00000000d6000000)
  object space 86016K, 14% used [0x0000000082000000,0x0000000082bf31c0,0x0000000087400000)
 Metaspace       used 20716K, capacity 21236K, committed 21296K, reserved 1069056K
  class space    used 2432K, capacity 2590K, committed 2608K, reserved 1048576K
}
Event: 13.325 GC heap before
{Heap before GC invocations=7 (full 1):
 PSYoungGen      total 140800K, used 8924K [0x00000000d6000000, 0x00000000df500000, 0x0000000100000000)
  eden space 130560K, 0% used [0x00000000d6000000,0x00000000d6000000,0x00000000ddf80000)
  from space 10240K, 87% used [0x00000000dea00000,0x00000000df2b7150,0x00000000df400000)
  to   space 10752K, 0% used [0x00000000ddf80000,0x00000000ddf80000,0x00000000dea00000)
 ParOldGen       total 86016K, used 12236K [0x0000000082000000, 0x0000000087400000, 0x00000000d6000000)
  object space 86016K, 14% used [0x0000000082000000,0x0000000082bf31c0,0x0000000087400000)
 Metaspace       used 20716K, capacity 21236K, committed 21296K, reserved 1069056K
  class space    used 2432K, capacity 2590K, committed 2608K, reserved 1048576K
Event: 13.462 GC heap after
Heap after GC invocations=7 (full 1):
 PSYoungGen      total 140800K, used 0K [0x00000000d6000000, 0x00000000df500000, 0x0000000100000000)
  eden space 130560K, 0% used [0x00000000d6000000,0x00000000d6000000,0x00000000ddf80000)
  from space 10240K, 0% used [0x00000000dea00000,0x00000000dea00000,0x00000000df400000)
  to   space 10752K, 0% used [0x00000000ddf80000,0x00000000ddf80000,0x00000000dea00000)
 ParOldGen       total 64512K, used 14544K [0x0000000082000000, 0x0000000085f00000, 0x00000000d6000000)
  object space 64512K, 22% used [0x0000000082000000,0x0000000082e34310,0x0000000085f00000)
 Metaspace       used 20716K, capacity 21236K, committed 21296K, reserved 1069056K
  class space    used 2432K, capacity 2590K, committed 2608K, reserved 1048576K
}
Event: 15.368 GC heap before
{Heap before GC invocations=8 (full 1):
 PSYoungGen      total 140800K, used 130560K [0x00000000d6000000, 0x00000000df500000, 0x0000000100000000)
  eden space 130560K, 100% used [0x00000000d6000000,0x00000000ddf80000,0x00000000ddf80000)
  from space 10240K, 0% used [0x00000000dea00000,0x00000000dea00000,0x00000000df400000)
  to   space 10752K, 0% used [0x00000000ddf80000,0x00000000ddf80000,0x00000000dea00000)
 ParOldGen       total 64512K, used 14544K [0x0000000082000000, 0x0000000085f00000, 0x00000000d6000000)
  object space 64512K, 22% used [0x0000000082000000,0x0000000082e34310,0x0000000085f00000)
 Metaspace       used 23882K, capacity 24504K, committed 24752K, reserved 1071104K
  class space    used 2778K, capacity 2933K, committed 2992K, reserved 1048576K
Event: 15.408 GC heap after
Heap after GC invocations=8 (full 1):
 PSYoungGen      total 141312K, used 10736K [0x00000000d6000000, 0x00000000e5200000, 0x0000000100000000)
  eden space 130560K, 0% used [0x00000000d6000000,0x00000000d6000000,0x00000000ddf80000)
  from space 10752K, 99% used [0x00000000ddf80000,0x00000000de9fc080,0x00000000dea00000)
  to   space 16384K, 0% used [0x00000000e4200000,0x00000000e4200000,0x00000000e5200000)
 ParOldGen       total 64512K, used 23704K [0x0000000082000000, 0x0000000085f00000, 0x00000000d6000000)
  object space 64512K, 36% used [0x0000000082000000,0x00000000837263b8,0x0000000085f00000)
 Metaspace       used 23882K, capacity 24504K, committed 24752K, reserved 1071104K
  class space    used 2778K, capacity 2933K, committed 2992K, reserved 1048576K
}
Event: 16.277 GC heap before
{Heap before GC invocations=9 (full 1):
 PSYoungGen      total 141312K, used 141296K [0x00000000d6000000, 0x00000000e5200000, 0x0000000100000000)
  eden space 130560K, 100% used [0x00000000d6000000,0x00000000ddf80000,0x00000000ddf80000)
  from space 10752K, 99% used [0x00000000ddf80000,0x00000000de9fc080,0x00000000dea00000)
  to   space 16384K, 0% used [0x00000000e4200000,0x00000000e4200000,0x00000000e5200000)
 ParOldGen       total 64512K, used 23704K [0x0000000082000000, 0x0000000085f00000, 0x00000000d6000000)
  object space 64512K, 36% used [0x0000000082000000,0x00000000837263b8,0x0000000085f00000)
 Metaspace       used 23910K, capacity 24514K, committed 24752K, reserved 1071104K
  class space    used 2783K, capacity 2935K, committed 2992K, reserved 1048576K
Event: 16.307 GC heap after
Heap after GC invocations=9 (full 1):
 PSYoungGen      total 224768K, used 16383K [0x00000000d6000000, 0x00000000e6400000, 0x0000000100000000)
  eden space 208384K, 0% used [0x00000000d6000000,0x00000000d6000000,0x00000000e2b80000)
  from space 16384K, 99% used [0x00000000e4200000,0x00000000e51ffd30,0x00000000e5200000)
  to   space 23040K, 0% used [0x00000000e2b80000,0x00000000e2b80000,0x00000000e4200000)
 ParOldGen       total 64512K, used 33711K [0x0000000082000000, 0x0000000085f00000, 0x00000000d6000000)
  object space 64512K, 52% used [0x0000000082000000,0x00000000840ebe00,0x0000000085f00000)
 Metaspace       used 23910K, capacity 24514K, committed 24752K, reserved 1071104K
  class space    used 2783K, capacity 2935K, committed 2992K, reserved 1048576K
}
Event: 17.487 GC heap before
{Heap before GC invocations=10 (full 1):
 PSYoungGen      total 224768K, used 224767K [0x00000000d6000000, 0x00000000e6400000, 0x0000000100000000)
  eden space 208384K, 100% used [0x00000000d6000000,0x00000000e2b80000,0x00000000e2b80000)
  from space 16384K, 99% used [0x00000000e4200000,0x00000000e51ffd30,0x00000000e5200000)
  to   space 23040K, 0% used [0x00000000e2b80000,0x00000000e2b80000,0x00000000e4200000)
 ParOldGen       total 64512K, used 33711K [0x0000000082000000, 0x0000000085f00000, 0x00000000d6000000)
  object space 64512K, 52% used [0x0000000082000000,0x00000000840ebe00,0x0000000085f00000)
 Metaspace       used 23915K, capacity 24578K, committed 24752K, reserved 1071104K
  class space    used 2783K, capacity 2935K, committed 2992K, reserved 1048576K
Event: 17.542 GC heap after
Heap after GC invocations=10 (full 1):
 PSYoungGen      total 231424K, used 23017K [0x00000000d6000000, 0x00000000e6400000, 0x0000000100000000)
  eden space 208384K, 0% used [0x00000000d6000000,0x00000000d6000000,0x00000000e2b80000)
  from space 23040K, 99% used [0x00000000e2b80000,0x00000000e41fa638,0x00000000e4200000)
  to   space 16384K, 0% used [0x00000000e4200000,0x00000000e4200000,0x00000000e5200000)
 ParOldGen       total 64512K, used 49939K [0x0000000082000000, 0x0000000085f00000, 0x00000000d6000000)
  object space 64512K, 77% used [0x0000000082000000,0x00000000850c4d08,0x0000000085f00000)
 Metaspace       used 23915K, capacity 24578K, committed 24752K, reserved 1071104K
  class space    used 2783K, capacity 2935K, committed 2992K, reserved 1048576K
}
Event: 18.753 GC heap before
{Heap before GC invocations=11 (full 1):
 PSYoungGen      total 231424K, used 231401K [0x00000000d6000000, 0x00000000e6400000, 0x0000000100000000)
  eden space 208384K, 100% used [0x00000000d6000000,0x00000000e2b80000,0x00000000e2b80000)
  from space 23040K, 99% used [0x00000000e2b80000,0x00000000e41fa638,0x00000000e4200000)
  to   space 16384K, 0% used [0x00000000e4200000,0x00000000e4200000,0x00000000e5200000)
 ParOldGen       total 64512K, used 49939K [0x0000000082000000, 0x0000000085f00000, 0x00000000d6000000)
  object space 64512K, 77% used [0x0000000082000000,0x00000000850c4d08,0x0000000085f00000)
 Metaspace       used 23917K, capacity 24578K, committed 24752K, reserved 1071104K
  class space    used 2783K, capacity 2935K, committed 2992K, reserved 1048576K

Deoptimization events (10 events):
Event: 14.026 Thread 0x000000001a1e4000 Uncommon trap: reason=unstable_if action=reinterpret pc=0x000000000367f764 method=java.lang.ThreadLocal.get()Ljava/lang/Object; @ 11
Event: 14.034 Thread 0x000000001a1e4000 Uncommon trap: reason=unstable_if action=reinterpret pc=0x00000000037c1434 method=java.util.jar.Attributes$Name.isDigit(C)Z @ 3
Event: 14.051 Thread 0x000000001a1e4000 Uncommon trap: reason=bimorphic action=maybe_recompile pc=0x0000000002e77ae4 method=java.util.Hashtable.get(Ljava/lang/Object;)Ljava/lang/Object; @ 6
Event: 14.105 Thread 0x000000001a1e4000 Uncommon trap: reason=class_check action=maybe_recompile pc=0x00000000030c9dc4 method=sun.misc.URLClassPath.getLoader(I)Lsun/misc/URLClassPath$Loader; @ 94
Event: 14.152 Thread 0x000000001a1e4000 Uncommon trap: reason=class_check action=maybe_recompile pc=0x000000000347e080 method=java.util.Hashtable.addEntry(ILjava/lang/Object;Ljava/lang/Object;I)V @ 38
Event: 14.820 Thread 0x000000001a1e4000 Uncommon trap: reason=unstable_if action=reinterpret pc=0x00000000038da4c4 method=java.io.DataInputStream.readUTF(Ljava/io/DataInput;)Ljava/lang/String; @ 112
Event: 15.037 Thread 0x000000001a1e4000 Uncommon trap: reason=unstable_if action=reinterpret pc=0x00000000032c2774 method=java.util.HashMap.removeNode(ILjava/lang/Object;Ljava/lang/Object;ZZ)Ljava/util/HashMap$Node; @ 71
Event: 16.685 Thread 0x000000001a1e4000 Uncommon trap: reason=unstable_if action=reinterpret pc=0x00000000037403b4 method=java.util.jar.JarFile.maybeInstantiateVerifier()V @ 21
Event: 16.825 Thread 0x000000001a1e4000 Uncommon trap: reason=unstable_if action=reinterpret pc=0x0000000002e6f108 method=org.codehaus.plexus.classworlds.realm.Entry.matches(Ljava/lang/String;)Z @ 209
Event: 17.874 Thread 0x000000001a1e4000 Uncommon trap: reason=unstable_if action=reinterpret pc=0x000000000394fcbc method=org.apache.tomcat.util.bcel.classfile.Attribute.readAttribute(Ljava/io/DataInputStream;Lorg/apache/tomcat/util/bcel/classfile/ConstantPool;)Lorg/apache/tomcat/util/bcel/clas

Internal exceptions (10 events):
Event: 7.045 Thread 0x00000000027ae000 Exception <a 'java/lang/NullPointerException'> (0x00000000d6c1c3f0) thrown at [C:\re\workspace\8-2-build-windows-amd64-cygwin\jdk8u144\9417\hotspot\src\share\vm\interpreter\linkResolver.cpp, line 1197]
Event: 7.184 Thread 0x00000000027ae000 Implicit null exception at 0x0000000002fc11d6 to 0x0000000002fc1571
Event: 7.185 Thread 0x00000000027ae000 Implicit null exception at 0x0000000002f1f1d4 to 0x0000000002f1f58d
Event: 8.142 Thread 0x00000000027ae000 Implicit null exception at 0x00000000030ff155 to 0x00000000030ff32d
Event: 8.142 Thread 0x00000000027ae000 Implicit null exception at 0x000000000314d42f to 0x000000000314d499
Event: 8.270 Thread 0x00000000027ae000 Implicit null exception at 0x00000000030db2d8 to 0x00000000030db366
Event: 8.360 Thread 0x00000000027ae000 Implicit null exception at 0x00000000033a3a5d to 0x00000000033a4c19
Event: 12.955 Thread 0x00000000027ae000 Exception <a 'java/io/FileNotFoundException'> (0x00000000d71eb038) thrown at [C:\re\workspace\8-2-build-windows-amd64-cygwin\jdk8u144\9417\hotspot\src\share\vm\prims\jni.cpp, line 709]
Event: 14.026 Thread 0x000000001a1e4000 Implicit null exception at 0x000000000367f68b to 0x000000000367f751
Event: 16.685 Thread 0x000000001a1e4000 Implicit null exception at 0x000000000373ebfb to 0x0000000003740395

Events (10 events):
Event: 17.547 Executing VM operation: BulkRevokeBias
Event: 17.547 Executing VM operation: BulkRevokeBias done
Event: 17.550 Executing VM operation: RevokeBias
Event: 17.550 Executing VM operation: RevokeBias done
Event: 17.874 Thread 0x000000001a1e4000 Uncommon trap: trap_request=0xffffff65 fr.pc=0x000000000394fcbc
Event: 17.874 Thread 0x000000001a1e4000 DEOPT PACKING pc=0x000000000394fcbc sp=0x000000001e39e720
Event: 17.874 Thread 0x000000001a1e4000 DEOPT UNPACKING pc=0x0000000002d8582a sp=0x000000001e39e730 mode 2
Event: 18.091 Thread 0x000000001a1e4000 DEOPT PACKING pc=0x000000000386c160 sp=0x000000001e39e360
Event: 18.091 Thread 0x000000001a1e4000 DEOPT UNPACKING pc=0x0000000002d8787f sp=0x000000001e39e0b8 mode 0
Event: 18.753 Executing VM operation: ParallelGCFailedAllocation


Dynamic libraries:
0x00007ff773f80000 - 0x00007ff773fb7000 	E:\eclipse\javaenvironment\bin\javaw.exe
0x00007ffb771a0000 - 0x00007ffb77381000 	C:\WINDOWS\SYSTEM32\ntdll.dll
0x00007ffb76070000 - 0x00007ffb76122000 	C:\WINDOWS\System32\KERNEL32.DLL
0x00007ffb741b0000 - 0x00007ffb74423000 	C:\WINDOWS\System32\KERNELBASE.dll
0x00007ffb76ac0000 - 0x00007ffb76b61000 	C:\WINDOWS\System32\ADVAPI32.dll
0x00007ffb762a0000 - 0x00007ffb7633e000 	C:\WINDOWS\System32\msvcrt.dll
0x00007ffb763e0000 - 0x00007ffb7643b000 	C:\WINDOWS\System32\sechost.dll
0x00007ffb74630000 - 0x00007ffb74754000 	C:\WINDOWS\System32\RPCRT4.dll
0x00007ffb74840000 - 0x00007ffb749d0000 	C:\WINDOWS\System32\USER32.dll
0x00007ffb73e70000 - 0x00007ffb73e90000 	C:\WINDOWS\System32\win32u.dll
0x00007ffb76e00000 - 0x00007ffb76e28000 	C:\WINDOWS\System32\GDI32.dll
0x00007ffb74490000 - 0x00007ffb74622000 	C:\WINDOWS\System32\gdi32full.dll
0x00007ffb73c80000 - 0x00007ffb73d1f000 	C:\WINDOWS\System32\msvcp_win.dll
0x00007ffb73d20000 - 0x00007ffb73e1a000 	C:\WINDOWS\System32\ucrtbase.dll
0x00007ffb63a70000 - 0x00007ffb63cd9000 	C:\WINDOWS\WinSxS\amd64_microsoft.windows.common-controls_6595b64144ccf1df_6.0.17134.48_none_b4b2216a3cb4dd3e\COMCTL32.dll
0x00007ffb76e30000 - 0x00007ffb77153000 	C:\WINDOWS\System32\combase.dll
0x00007ffb73f40000 - 0x00007ffb73fba000 	C:\WINDOWS\System32\bcryptPrimitives.dll
0x00007ffb76040000 - 0x00007ffb7606d000 	C:\WINDOWS\System32\IMM32.DLL
0x0000000055600000 - 0x00000000556d2000 	E:\eclipse\javaenvironment\jre\bin\msvcr100.dll
0x0000000054d60000 - 0x00000000555fd000 	E:\eclipse\javaenvironment\jre\bin\server\jvm.dll
0x00007ffb77160000 - 0x00007ffb77168000 	C:\WINDOWS\System32\PSAPI.DLL
0x00007ffb67a80000 - 0x00007ffb67a8a000 	C:\WINDOWS\SYSTEM32\VERSION.dll
0x00007ffb66160000 - 0x00007ffb66169000 	C:\WINDOWS\SYSTEM32\WSOCK32.dll
0x00007ffb71200000 - 0x00007ffb71223000 	C:\WINDOWS\SYSTEM32\WINMM.dll
0x00007ffb75fd0000 - 0x00007ffb7603c000 	C:\WINDOWS\System32\WS2_32.dll
0x00007ffb711d0000 - 0x00007ffb711fa000 	C:\WINDOWS\SYSTEM32\winmmbase.dll
0x00007ffb73e20000 - 0x00007ffb73e69000 	C:\WINDOWS\System32\cfgmgr32.dll
0x0000000054d50000 - 0x0000000054d5f000 	E:\eclipse\javaenvironment\jre\bin\verify.dll
0x0000000054d20000 - 0x0000000054d49000 	E:\eclipse\javaenvironment\jre\bin\java.dll
0x0000000054d00000 - 0x0000000054d16000 	E:\eclipse\javaenvironment\jre\bin\zip.dll
0x00007ffb749d0000 - 0x00007ffb75e10000 	C:\WINDOWS\System32\SHELL32.dll
0x00007ffb76890000 - 0x00007ffb76939000 	C:\WINDOWS\System32\shcore.dll
0x00007ffb73570000 - 0x00007ffb73c7d000 	C:\WINDOWS\System32\windows.storage.dll
0x00007ffb76240000 - 0x00007ffb76291000 	C:\WINDOWS\System32\shlwapi.dll
0x00007ffb734b0000 - 0x00007ffb734c1000 	C:\WINDOWS\System32\kernel.appcore.dll
0x00007ffb73550000 - 0x00007ffb7356f000 	C:\WINDOWS\System32\profapi.dll
0x00007ffb734d0000 - 0x00007ffb7351c000 	C:\WINDOWS\System32\powrprof.dll
0x00007ffb73520000 - 0x00007ffb7352a000 	C:\WINDOWS\System32\FLTLIB.DLL
0x00007ffb72ee0000 - 0x00007ffb72ef7000 	C:\WINDOWS\SYSTEM32\CRYPTSP.dll
0x00007ffb72910000 - 0x00007ffb72943000 	C:\WINDOWS\system32\rsaenh.dll
0x00007ffb73010000 - 0x00007ffb73035000 	C:\WINDOWS\SYSTEM32\bcrypt.dll
0x00007ffb733b0000 - 0x00007ffb733d8000 	C:\WINDOWS\SYSTEM32\USERENV.dll
0x00007ffb72f00000 - 0x00007ffb72f0b000 	C:\WINDOWS\SYSTEM32\CRYPTBASE.dll
0x0000000054ce0000 - 0x0000000054cfa000 	E:\eclipse\javaenvironment\jre\bin\net.dll
0x00007ffb72d30000 - 0x00007ffb72d96000 	C:\WINDOWS\system32\mswsock.dll
0x00007ffb72ab0000 - 0x00007ffb72ae8000 	C:\WINDOWS\SYSTEM32\IPHLPAPI.DLL
0x00007ffb75fb0000 - 0x00007ffb75fb8000 	C:\WINDOWS\System32\NSI.dll
0x00007ffb6c350000 - 0x00007ffb6c366000 	C:\WINDOWS\SYSTEM32\dhcpcsvc6.DLL
0x00007ffb6c330000 - 0x00007ffb6c34a000 	C:\WINDOWS\SYSTEM32\dhcpcsvc.DLL
0x0000000054cc0000 - 0x0000000054cd1000 	E:\eclipse\javaenvironment\jre\bin\nio.dll
0x00007ffb67f80000 - 0x00007ffb67f8a000 	C:\Users\Administrator\AppData\Local\Temp\jansi-1.17.1-6008654635527739182.dll
0x00007ffb67970000 - 0x00007ffb6797a000 	C:\Users\Administrator\AppData\Local\Temp\jansi-1.17.1-4635701505422424158.dll
0x0000000054cb0000 - 0x0000000054cbd000 	E:\eclipse\javaenvironment\jre\bin\management.dll

VM Arguments:
jvm_args: -Dmaven.home=F:\maven\apache-maven-3.5.4 -Dclassworlds.conf=E:\eclipse\java\.metadata\.plugins\org.eclipse.m2e.launching\launches\m2conf7983184133308124372.tmp -Dmaven.multiModuleProjectDirectory=E:\eclipse\java\pinyougou-parent\pinyougou-portal-web -Dfile.encoding=UTF-8 
java_command: org.codehaus.plexus.classworlds.launcher.Launcher -B -gs F:\maven\apache-maven-3.5.4\conf\settings.xml -s F:\maven\apache-maven-3.5.4\conf\settings.xml tomcat7:run
java_class_path (initial): F:\maven\apache-maven-3.5.4\boot\plexus-classworlds-2.5.2.jar
Launcher Type: SUN_STANDARD

Environment Variables:
JAVA_HOME=E:\eclipse\javaenvironment
CLASSPATH=.;E:\eclipse\javaenvironment\lib\dt.jar;E:\eclipse\javaenvironment\lib\tools.jar
PATH=E:/eclipse/javaenvironment/bin/../jre/bin/server;E:/eclipse/javaenvironment/bin/../jre/bin;E:/eclipse/javaenvironment/bin/../jre/lib/amd64;F:\ADS1.2\bin;F:\notepad\Notepad++7.5.6\Notepad++\plugins\database;F:\notepad\Notepad++7.5.6\Notepad++\plugins\PHP\ext;F:\notepad\Notepad++7.5.6\Notepad++\plugins\PHP;F:\notepad\we\Notepad++\plugins\database;F:\notepad\we\Notepad++\plugins\PHP\ext;F:\notepad\we\Notepad++\plugins\PHP;C:\WINDOWS\system32;C:\WINDOWS;C:\WINDOWS\System32\Wbem;C:\WINDOWS\System32\WindowsPowerShell\v1.0\;E:\eclipse\javaenvironment\bin;E:\eclipse\javaenvironment\jre\bin;C:\Program Files (x86)\Microsoft SQL Server\100\Tools\Binn\;C:\Program Files\Microsoft SQL Server\100\Tools\Binn\;C:\Program Files\Microsoft SQL Server\100\DTS\Binn\;F:\¹¤¾ß\QuickTime\QTSystem\;C:\WINDOWS\System32\OpenSSH\;F:\secure\crt\;F:\mysql\mysql-8.0.12-winx64\bin;F:\maven\apache-maven-3.5.4\bin;"F:\apache-ant-1.10.3\bin;";E:\python\Scripts\;E:\python\;C:\Users\Administrator\AppData\Local\Microsoft\WindowsApps;;C:\Users\Administrator\Desktop;
USERNAME=Administrator
OS=Windows_NT
PROCESSOR_IDENTIFIER=Intel64 Family 6 Model 58 Stepping 9, GenuineIntel



---------------  S Y S T E M  ---------------

OS: Windows 10.0 , 64 bit Build 17134 (10.0.17134.1)

CPU:total 4 (initial active 4) (2 cores per cpu, 2 threads per core) family 6 model 58 stepping 9, cmov, cx8, fxsr, mmx, sse, sse2, sse3, ssse3, sse4.1, sse4.2, popcnt, avx, clmul, erms, ht, tsc, tscinvbit, tscinv

Memory: 4k page, physical 8254308k(1803684k free), swap 8254308k(5168k free)

vm_info: Java HotSpot(TM) 64-Bit Server VM (25.144-b01) for windows-amd64 JRE (1.8.0_144-b01), built on Jul 21 2017 21:57:33 by "java_re" with MS VC++ 10.0 (VS2010)

time: Fri Sep 14 18:16:04 2018
elapsed time: 18 seconds (0d 0h 0m 18s)

