JvmtiExport can_access_local_variables 0
JvmtiExport can_hotswap_or_post_breakpoint 0
JvmtiExport can_post_on_exceptions 0
# 456 ciObject found
ciMethod java/lang/Object <init> ()V 4097 1 1034561 0 0
ciMethod java/lang/Object getClass ()Ljava/lang/Class; 3073 1 384 0 -1
ciMethod java/lang/Object hashCode ()I 2049 1 256 0 -1
ciMethod java/lang/Object equals (Ljava/lang/Object;)Z 3081 1 11955 0 -1
ciMethod java/lang/Object toString ()Ljava/lang/String; 0 0 12 0 -1
ciMethod java/lang/String <init> ([CII)V 2049 1 11685 0 768
ciMethod java/lang/String <init> ([CZ)V 1753 1 14369 0 64
ciMethod java/lang/String length ()I 4097 1 462500 0 64
ciMethod java/lang/String getChars (II[CI)V 2537 1 5574 0 -1
ciMethod java/lang/String equals (Ljava/lang/Object;)Z 2097 8905 6076 0 -1
ciMethod java/lang/String startsWith (Ljava/lang/String;I)Z 2065 649 8969 0 384
ciMethod java/lang/String startsWith (Ljava/lang/String;)Z 2377 1 116247 0 192
ciMethod java/lang/String hashCode ()I 2921 32769 1318 0 288
ciMethod java/lang/String indexOf (I)I 3073 1 102422 0 -1
ciMethod java/lang/String substring (I)Ljava/lang/String; 2057 1 10554 0 -1
ciMethod java/lang/String replace (CC)Ljava/lang/String; 857 41505 1417 0 1088
ciMethod java/lang/String valueOf (Ljava/lang/Object;)Ljava/lang/String; 625 1 15817 0 -1
ciMethod java/lang/Class getName ()Ljava/lang/String; 425 1 30284 0 96
ciMethod java/lang/Class getName0 ()Ljava/lang/String; 2057 1 257 0 -1
ciMethod java/lang/ClassLoader getResourceAsStream (Ljava/lang/String;)Ljava/io/InputStream; 0 0 1 0 -1
ciMethod java/lang/System currentTimeMillis ()J 2049 1 256 0 -1
ciMethod java/lang/Throwable <init> ()V 137 1 130 0 -1
ciMethod java/lang/Throwable getStackTrace ()[Ljava/lang/StackTraceElement; 137 1 119 0 -1
ciMethod java/lang/Thread currentThread ()Ljava/lang/Thread; 2049 1 256 0 -1
ciMethod java/lang/Thread getId ()J 41 1 3 0 -1
ciMethod java/util/Map containsKey (Ljava/lang/Object;)Z 0 0 1 0 -1
ciMethod java/util/Map get (Ljava/lang/Object;)Ljava/lang/Object; 0 0 1 0 -1
ciMethod java/util/Map put (Ljava/lang/Object;Ljava/lang/Object;)Ljava/lang/Object; 0 0 1 0 -1
ciMethod java/lang/StringBuffer <init> ()V 4689 1 291 0 -1
ciMethod java/lang/StringBuffer toString ()Ljava/lang/String; 2225 1 5558 0 -1
ciMethod java/lang/AbstractStringBuilder <init> (I)V 625 1 98848 0 256
ciMethod java/lang/AbstractStringBuilder ensureCapacityInternal (I)V 3273 1 136276 0 -1
ciMethod java/lang/AbstractStringBuilder append (Ljava/lang/String;)Ljava/lang/AbstractStringBuilder; 977 1 10787 0 1024
ciMethod java/lang/AbstractStringBuilder appendNull ()Ljava/lang/AbstractStringBuilder; 0 0 67 0 -1
ciMethod java/lang/StringBuilder <init> ()V 617 1 66553 0 192
ciMethod java/lang/StringBuilder append (Ljava/lang/Object;)Ljava/lang/StringBuilder; 505 1 1743 0 -1
ciMethod java/lang/StringBuilder append (Ljava/lang/String;)Ljava/lang/StringBuilder; 977 1 177166 0 1024
ciMethod java/lang/StringBuilder toString ()Ljava/lang/String; 617 1 81046 0 832
ciMethod java/io/InputStream <init> ()V 2057 1 23957 0 0
ciMethod java/io/InputStream read ()I 0 0 1 0 -1
ciMethod java/io/InputStream close ()V 0 0 1 0 -1
ciMethod java/net/URL openStream ()Ljava/io/InputStream; 1385 1 626 0 -1
ciMethod java/lang/StackTraceElement getClassName ()Ljava/lang/String; 1505 1 188 0 -1
ciMethod java/lang/StackTraceElement getMethodName ()Ljava/lang/String; 41 1 3 0 -1
ciMethod java/lang/Integer valueOf (I)Ljava/lang/Integer; 289 1 3404 0 -1
ciMethod java/lang/Integer intValue ()I 1033 1 129 0 -1
ciMethod java/util/HashMap hash (Ljava/lang/Object;)I 2049 1 125182 0 0
ciMethod java/util/HashMap getNode (ILjava/lang/Object;)Ljava/util/HashMap$Node; 2065 17 18820 0 480
ciMethod java/util/HashMap containsKey (Ljava/lang/Object;)Z 2049 1 8435 0 640
ciMethod java/util/HashMap put (Ljava/lang/Object;Ljava/lang/Object;)Ljava/lang/Object; 2049 1 30838 0 1632
ciMethod java/util/HashMap putVal (ILjava/lang/Object;Ljava/lang/Object;ZZ)Ljava/lang/Object; 2057 153 6013 0 1152
ciMethod java/util/HashMap resize ()[Ljava/util/HashMap$Node; 265 1537 1715 0 -1
ciMethod java/util/HashMap treeifyBin ([Ljava/util/HashMap$Node;I)V 0 0 1 0 -1
ciMethod java/util/HashMap newNode (ILjava/lang/Object;Ljava/lang/Object;Ljava/util/HashMap$Node;)Ljava/util/HashMap$Node; 2161 1 5393 0 224
ciMethod java/util/HashMap afterNodeAccess (Ljava/util/HashMap$Node;)V 2049 1 899 0 0
ciMethod java/util/HashMap afterNodeInsertion (Z)V 3081 1 1585 0 0
ciMethod java/util/HashMap$Node <init> (ILjava/lang/Object;Ljava/lang/Object;Ljava/util/HashMap$Node;)V 2393 1 17877 0 0
ciMethod java/lang/ThreadLocal get ()Ljava/lang/Object; 2057 1 8570 0 -1
ciMethod java/lang/ThreadLocal set (Ljava/lang/Object;)V 73 1 50 0 -1
ciMethod java/util/concurrent/atomic/AtomicInteger getAndIncrement ()I 17 1 2 0 -1
ciMethod java/util/Arrays copyOfRange ([CII)[C 2049 1 5774 0 -1
ciMethodData java/lang/String length ()I 2 462500 orig 264 88 66 52 85 0 0 0 0 24 60 37 23 0 0 0 0 32 1 0 0 0 0 0 0 0 0 0 0 0 0 0 0 0 0 0 0 0 0 0 0 0 0 0 0 0 0 0 0 0 0 0 0 0 0 0 0 0 0 0 0 0 0 0 0 0 0 0 0 0 0 0 0 0 0 0 0 0 0 0 0 77 68 79 32 101 120 116 114 97 32 100 97 116 97 32 108 111 99 107 0 0 0 0 0 0 0 0 0 0 0 0 0 0 0 0 0 0 0 0 0 0 0 0 0 0 0 0 0 0 0 0 0 0 0 0 0 0 0 0 0 0 0 0 0 0 0 0 0 0 0 0 0 0 0 0 0 0 0 0 0 0 0 0 0 0 0 0 0 0 0 0 0 0 0 0 0 0 0 0 0 0 0 0 0 1 0 0 0 0 0 0 0 0 0 0 0 0 0 0 0 1 0 0 0 0 0 0 0 0 0 0 0 0 0 0 0 0 2 0 0 33 101 56 0 1 0 0 0 0 0 0 0 0 0 0 0 2 0 0 0 0 0 0 0 0 0 0 0 0 0 0 0 255 255 255 255 0 0 0 0 0 0 0 0 data 0 oops 0
ciMethodData java/lang/Object <init> ()V 2 1034561 orig 264 88 66 52 85 0 0 0 0 128 4 37 23 0 0 0 0 32 1 0 0 0 0 0 0 0 0 0 0 0 0 0 0 0 0 0 0 0 0 0 0 0 0 0 0 0 0 0 0 0 0 0 0 0 0 0 0 0 0 0 0 0 0 0 0 0 0 0 0 0 0 0 0 0 0 0 0 0 0 0 0 77 68 79 32 101 120 116 114 97 32 100 97 116 97 32 108 111 99 107 0 0 0 0 0 0 0 0 0 0 0 0 0 0 0 0 0 0 0 0 0 0 0 0 0 0 0 0 0 0 0 0 0 0 0 0 0 0 0 0 0 0 0 0 0 0 0 0 0 0 0 0 0 0 0 0 0 0 0 0 0 0 0 0 0 0 0 0 0 0 0 0 0 0 0 0 0 0 0 0 0 0 0 0 0 1 0 0 0 0 0 0 0 1 0 0 0 0 0 0 0 1 0 0 0 0 0 0 0 0 0 0 0 0 0 0 0 0 2 0 0 9 58 126 0 1 0 0 0 0 0 0 0 0 0 0 0 2 0 0 0 0 0 3 0 1 0 0 0 0 0 0 0 255 255 255 255 0 0 0 0 0 0 0 0 data 0 oops 0
ciMethod java/io/BufferedInputStream <init> (Ljava/io/InputStream;I)V 2049 1 4187 0 0
ciMethod java/io/FilterInputStream <init> (Ljava/io/InputStream;)V 2065 1 15924 0 0
ciMethod java/io/FilterInputStream close ()V 1073 1 134 0 0
ciMethod java/util/concurrent/atomic/AtomicLong getAndIncrement ()J 281 1 31 0 -1
ciMethod java/lang/IllegalArgumentException <init> (Ljava/lang/String;)V 0 0 34 0 -1
ciMethod java/util/HashMap$TreeNode getTreeNode (ILjava/lang/Object;)Ljava/util/HashMap$TreeNode; 0 0 1 0 -1
ciMethod java/util/HashMap$TreeNode putTreeVal (Ljava/util/HashMap;[Ljava/util/HashMap$Node;ILjava/lang/Object;Ljava/lang/Object;)Ljava/util/HashMap$TreeNode; 0 0 1 0 -1
ciMethod java/util/HashMap$TreeNode split (Ljava/util/HashMap;[Ljava/util/HashMap$Node;II)V 0 0 1 0 -1
ciMethodData java/lang/String hashCode ()I 2 20936 orig 264 88 66 52 85 0 0 0 0 184 79 37 23 0 0 0 0 152 1 0 0 32 0 0 0 0 0 0 0 0 0 0 0 0 0 0 0 0 0 0 0 0 0 0 0 0 0 0 0 0 0 0 0 0 0 0 0 0 0 0 0 0 0 0 0 0 0 0 0 0 0 0 0 0 0 0 0 0 0 0 0 77 68 79 32 101 120 116 114 97 32 100 97 116 97 32 108 111 99 107 0 0 0 0 0 0 0 0 0 0 0 0 0 0 0 0 0 0 0 0 0 0 0 0 0 0 0 0 0 0 0 0 0 0 0 0 0 0 0 0 0 0 0 0 0 0 0 0 0 0 0 0 0 0 0 0 0 0 0 0 0 0 0 0 0 0 0 0 0 0 0 0 0 0 0 0 0 0 0 0 0 0 0 0 0 1 0 0 0 0 0 0 0 0 0 0 0 0 0 0 0 1 0 0 0 0 0 0 0 0 0 0 0 0 0 0 0 0 16 0 0 201 29 0 0 65 14 2 0 0 0 0 0 0 0 0 0 2 0 0 0 1 0 11 0 2 0 0 0 120 0 0 0 255 255 255 255 7 0 6 0 0 0 0 0 data 15 0x60007 0x19f 0x78 0x21a 0xe0007 0x8 0x58 0x212 0x1e0007 0x212 0x38 0x419d 0x2d0003 0x419d 0xffffffffffffffe0 oops 0
ciMethodData java/lang/String <init> ([CII)V 2 11685 orig 264 88 66 52 85 0 0 0 0 88 49 37 23 0 0 0 0 80 2 0 0 64 0 0 0 0 0 0 0 0 0 0 0 0 0 0 0 0 0 0 0 0 0 0 0 0 0 0 0 0 0 0 0 0 0 0 0 0 0 0 0 0 0 0 0 0 0 0 0 0 0 0 0 0 0 0 0 0 0 0 0 77 68 79 32 101 120 116 114 97 32 100 97 116 97 32 108 111 99 107 0 0 0 0 0 0 0 0 0 0 0 0 0 0 0 0 0 0 0 0 0 0 0 0 0 0 0 0 0 0 0 0 0 0 0 0 0 0 0 0 0 0 0 0 0 1 0 0 0 0 0 0 0 0 0 0 0 0 0 0 0 0 0 0 0 0 0 0 0 0 0 0 0 0 0 0 0 0 0 0 1 0 0 0 0 25 0 0 0 0 0 0 