#
# There is insufficient memory for the Java Runtime Environment to continue.
# Native memory allocation (malloc) failed to allocate 38144 bytes for Chunk::new
# Possible reasons:
#   The system is out of physical RAM or swap space
#   In 32 bit mode, the process size limit was hit
# Possible solutions:
#   Reduce memory load on the system
#   Increase physical memory or swap space
#   Check if swap backing store is full
#   Use 64 bit Java on a 64 bit OS
#   Decrease Java heap size (-Xmx/-Xms)
#   Decrease number of Java threads
#   Decrease Java thread stack sizes (-Xss)
#   Set larger code cache with -XX:ReservedCodeCacheSize=
# This output file may be truncated or incomplete.
#
#  Out of Memory Error (allocation.cpp:390), pid=8592, tid=0x00000000000024c4
#
# JRE version: Java(TM) SE Runtime Environment (8.0_144-b01) (build 1.8.0_144-b01)
# Java VM: Java HotSpot(TM) 64-Bit Server VM (25.144-b01 mixed mode windows-amd64 compressed oops)
# Failed to write core dump. Minidumps are not enabled by default on client versions of Windows
#

---------------  T H R E A D  ---------------

Current thread (0x00000000178ba000):  JavaThread "C2 CompilerThread0" daemon [_thread_in_native, id=9412, stack(0x00000000191c0000,0x00000000192c0000)]

Stack: [0x00000000191c0000,0x00000000192c0000]
[error occurred during error reporting (printing stack bounds), id 0xc0000005]

Native frames: (J=compiled Java code, j=interpreted, Vv=VM code, C=native code)


Current CompileTask:
C2:  19991 4249   !   4       org.apache.catalina.startup.ContextConfig::populateJavaClassCache (159 bytes)


---------------  P R O C E S S  ---------------

Java Threads: ( => current thread )
  0x000000001bd43000 JavaThread "localhost-startStop-1" daemon [_thread_in_native, id=7052, stack(0x000000001fe10000,0x000000001ff10000)]
  0x000000001bd40800 JavaThread "Tomcat-startStop-1" daemon [_thread_blocked, id=1844, stack(0x000000001fd10000,0x000000001fe10000)]
  0x0000000018c5e800 JavaThread "Service Thread" daemon [_thread_blocked, id=868, stack(0x00000000194c0000,0x00000000195c0000)]
  0x0000000018bd4800 JavaThread "C1 CompilerThread2" daemon [_thread_blocked, id=7644, stack(0x00000000193c0000,0x00000000194c0000)]
  0x00000000178bd000 JavaThread "C2 CompilerThread1" daemon [_thread_in_native, id=2840, stack(0x00000000192c0000,0x00000000193c0000)]
=>0x00000000178ba000 JavaThread "C2 CompilerThread0" daemon [_thread_in_native, id=9412, stack(0x00000000191c0000,0x00000000192c0000)]
  0x000000001786f000 JavaThread "Attach Listener" daemon [_thread_blocked, id=7660, stack(0x00000000190c0000,0x00000000191c0000)]
  0x0000000018bc8800 JavaThread "Signal Dispatcher" daemon [_thread_blocked, id=3148, stack(0x0000000018fc0000,0x00000000190c0000)]
  0x0000000017849000 JavaThread "Finalizer" daemon [_thread_blocked, id=9568, stack(0x0000000018ac0000,0x0000000018bc0000)]
  0x0000000002d61000 JavaThread "Reference Handler" daemon [_thread_blocked, id=5916, stack(0x00000000189c0000,0x0000000018ac0000)]
  0x000000000276e000 JavaThread "main" [_thread_blocked, id=8248, stack(0x0000000002b70000,0x0000000002c70000)]

Other Threads:
  0x0000000017827800 VMThread [stack: 0x00000000188c0000,0x00000000189c0000] [id=2736]
  0x0000000018c85000 WatcherThread [stack: 0x00000000195c0000,0x00000000196c0000] [id=6592]

VM state:not at safepoint (normal execution)

VM Mutex/Monitor currently owned by a thread: None

Heap:
 PSYoungGen      total 100352K, used 76844K [0x00000000d6000000, 0x00000000df880000, 0x0000000100000000)
  eden space 85504K, 72% used [0x00000000d6000000,0x00000000d9c8b6f8,0x00000000db380000)
  from space 14848K, 99% used [0x00000000db380000,0x00000000dc1ff918,0x00000000dc200000)
  to   space 17408K, 0% used [0x00000000de780000,0x00000000de780000,0x00000000df880000)
 ParOldGen       total 66048K, used 28989K [0x0000000082000000, 0x0000000086080000, 0x00000000d6000000)
  object space 66048K, 43% used [0x0000000082000000,0x0000000083c4f5f8,0x0000000086080000)
 Metaspace       used 23934K, capacity 24546K, committed 24832K, reserved 1071104K
  class space    used 2785K, capacity 2967K, committed 3072K, reserved 1048576K

Card table byte_map: [0x0000000012130000,0x0000000012530000] byte_map_base: 0x0000000011d20000

Marking Bits: (ParMarkBitMap*) 0x000000005557d850
 Begin Bits: [0x0000000012bd0000, 0x0000000014b50000)
 End Bits:   [0x0000000014b50000, 0x0000000016ad0000)

Polling page: 0x00000000005f0000

CodeCache: size=245760Kb used=12240Kb max_used=12240Kb free=233519Kb
 bounds [0x0000000002d70000, 0x0000000003980000, 0x0000000011d70000]
 total_blobs=3963 nmethods=3556 adapters=319
 compilation: enabled

Compilation events (10 events):
Event: 19.724 Thread 0x0000000018bd4800 nmethod 4244 0x00000000039679d0 code [0x0000000003967e60, 0x000000000396ad88]
Event: 19.734 Thread 0x00000000178ba000 nmethod 4243 0x0000000003963c90 code [0x0000000003963e00, 0x0000000003964598]
Event: 19.780 Thread 0x0000000018bd4800 4245   !   3       org.apache.catalina.loader.WebappClassLoader::findLoadedResource (46 bytes)
Event: 19.781 Thread 0x0000000018bd4800 nmethod 4245 0x0000000003965050 code [0x0000000003965240, 0x0000000003965ba8]
Event: 19.804 Thread 0x00000000178bd000 4246   !   4       org.apache.catalina.startup.ContextConfig::checkHandlesTypes (453 bytes)
Event: 19.813 Thread 0x0000000018bd4800 4248       3       java.io.DataInputStream::readDouble (8 bytes)
Event: 19.813 Thread 0x0000000018bd4800 nmethod 4248 0x0000000003967590 code [0x0000000003967700, 0x0000000003967928]
Event: 19.867 Thread 0x00000000178ba000 4249   !   4       org.apache.catalina.startup.ContextConfig::populateJavaClassCache (159 bytes)
Event: 19.901 Thread 0x0000000018bd4800 4250   !   3       sun.misc.URLClassPath::check (123 bytes)
Event: 19.903 Thread 0x0000000018bd4800 nmethod 4250 0x0000000003976e90 code [0x0000000003977120, 0x0000000003978628]

GC Heap History (10 events):
Event: 15.186 GC heap before
{Heap before GC invocations=8 (full 1):
 PSYoungGen      total 74240K, used 8518K [0x00000000d6000000, 0x00000000db100000, 0x0000000100000000)
  eden space 65536K, 0% used [0x00000000d6000000,0x00000000d6000000,0x00000000da000000)
  from space 8704K, 97% used [0x00000000da000000,0x00000000da851818,0x00000000da880000)
  to   space 8192K, 0% used [0x00000000da900000,0x00000000da900000,0x00000000db100000)
 ParOldGen       total 86016K, used 11977K [0x0000000082000000, 0x0000000087400000, 0x00000000d6000000)
  object space 86016K, 13% used [0x0000000082000000,0x0000000082bb2508,0x0000000087400000)
 Metaspace       used 20587K, capacity 21108K, committed 21296K, reserved 1069056K
  class space    used 2410K, capacity 2590K, committed 2688K, reserved 1048576K
Event: 15.426 GC heap after
Heap after GC invocations=8 (full 1):
 PSYoungGen      total 74240K, used 0K [0x00000000d6000000, 0x00000000db100000, 0x0000000100000000)
  eden space 65536K, 0% used [0x00000000d6000000,0x00000000d6000000,0x00000000da000000)
  from space 8704K, 0% used [0x00000000da000000,0x00000000da000000,0x00000000da880000)
  to   space 8192K, 0% used [0x00000000da900000,0x00000000da900000,0x00000000db100000)
 ParOldGen       total 66048K, used 15141K [0x0000000082000000, 0x0000000086080000, 0x00000000d6000000)
  object space 66048K, 22% used [0x0000000082000000,0x0000000082ec9680,0x0000000086080000)
 Metaspace       used 20587K, capacity 21108K, committed 21296K, reserved 1069056K
  class space    used 2410K, capacity 2590K, committed 2688K, reserved 1048576K
}
Event: 17.199 GC heap before
{Heap before GC invocations=9 (full 1):
 PSYoungGen      total 74240K, used 65536K [0x00000000d6000000, 0x00000000db100000, 0x0000000100000000)
  eden space 65536K, 100% used [0x00000000d6000000,0x00000000da000000,0x00000000da000000)
  from space 8704K, 0% used [0x00000000da000000,0x00000000da000000,0x00000000da880000)
  to   space 8192K, 0% used [0x00000000da900000,0x00000000da900000,0x00000000db100000)
 ParOldGen       total 66048K, used 15141K [0x0000000082000000, 0x0000000086080000, 0x00000000d6000000)
  object space 66048K, 22% used [0x0000000082000000,0x0000000082ec9680,0x0000000086080000)
 Metaspace       used 23877K, capacity 24472K, committed 24832K, reserved 1071104K
  class space    used 2782K, capacity 2965K, committed 3072K, reserved 1048576K
Event: 17.226 GC heap after
Heap after GC invocations=9 (full 1):
 PSYoungGen      total 71680K, used 8172K [0x00000000d6000000, 0x00000000dd800000, 0x0000000100000000)
  eden space 63488K, 0% used [0x00000000d6000000,0x00000000d6000000,0x00000000d9e00000)
  from space 8192K, 99% used [0x00000000da900000,0x00000000db0fb118,0x00000000db100000)
  to   space 11264K, 0% used [0x00000000d9e00000,0x00000000d9e00000,0x00000000da900000)
 ParOldGen       total 66048K, used 18880K [0x0000000082000000, 0x0000000086080000, 0x00000000d6000000)
  object space 66048K, 28% used [0x0000000082000000,0x0000000083270328,0x0000000086080000)
 Metaspace       used 23877K, capacity 24472K, committed 24832K, reserved 1071104K
  class space    used 2782K, capacity 2965K, committed 3072K, reserved 1048576K
}
Event: 17.937 GC heap before
{Heap before GC invocations=10 (full 1):
 PSYoungGen      total 71680K, used 71660K [0x00000000d6000000, 0x00000000dd800000, 0x0000000100000000)
  eden space 63488K, 100% used [0x00000000d6000000,0x00000000d9e00000,0x00000000d9e00000)
  from space 8192K, 99% used [0x00000000da900000,0x00000000db0fb118,0x00000000db100000)
  to   space 11264K, 0% used [0x00000000d9e00000,0x00000000d9e00000,0x00000000da900000)
 ParOldGen       total 66048K, used 18880K [0x0000000082000000, 0x0000000086080000, 0x00000000d6000000)
  object space 66048K, 28% used [0x0000000082000000,0x0000000083270328,0x0000000086080000)
 Metaspace       used 23910K, capacity 24536K, committed 24832K, reserved 1071104K
  class space    used 2782K, capacity 2965K, committed 3072K, reserved 1048576K
Event: 17.964 GC heap after
Heap after GC invocations=10 (full 1):
 PSYoungGen      total 74752K, used 11258K [0x00000000d6000000, 0x00000000dcf80000, 0x0000000100000000)
  eden space 63488K, 0% used [0x00000000d6000000,0x00000000d6000000,0x00000000d9e00000)
  from space 11264K, 99% used [0x00000000d9e00000,0x00000000da8fe8f8,0x00000000da900000)
  to   space 13824K, 0% used [0x00000000dc200000,0x00000000dc200000,0x00000000dcf80000)
 ParOldGen       total 66048K, used 22575K [0x0000000082000000, 0x0000000086080000, 0x00000000d6000000)
  object space 66048K, 34% used [0x0000000082000000,0x000000008360bd20,0x0000000086080000)
 Metaspace       used 23910K, capacity 24536K, committed 24832K, reserved 1071104K
  class space    used 2782K, capacity 2965K, committed 3072K, reserved 1048576K
}
Event: 18.915 GC heap before
{Heap before GC invocations=11 (full 1):
 PSYoungGen      total 74752K, used 74746K [0x00000000d6000000, 0x00000000dcf80000, 0x0000000100000000)
  eden space 63488K, 100% used [0x00000000d6000000,0x00000000d9e00000,0x00000000d9e00000)
  from space 11264K, 99% used [0x00000000d9e00000,0x00000000da8fe8f8,0x00000000da900000)
  to   space 13824K, 0% used [0x00000000dc200000,0x00000000dc200000,0x00000000dcf80000)
 ParOldGen       total 66048K, used 22575K [0x0000000082000000, 0x0000000086080000, 0x00000000d6000000)
  object space 66048K, 34% used [0x0000000082000000,0x000000008360bd20,0x0000000086080000)
 Metaspace       used 23928K, capacity 24546K, committed 24832K, reserved 1071104K
  class space    used 2784K, capacity 2967K, committed 3072K, reserved 1048576K
Event: 18.941 GC heap after
Heap after GC invocations=11 (full 1):
 PSYoungGen      total 99328K, used 13502K [0x00000000d6000000, 0x00000000dd180000, 0x0000000100000000)
  eden space 85504K, 0% used [0x00000000d6000000,0x00000000d6000000,0x00000000db380000)
  from space 13824K, 97% used [0x00000000dc200000,0x00000000dcf2f9d8,0x00000000dcf80000)
  to   space 14848K, 0% used [0x00000000db380000,0x00000000db380000,0x00000000dc200000)
 ParOldGen       total 66048K, used 25814K [0x0000000082000000, 0x0000000086080000, 0x00000000d6000000)
  object space 66048K, 39% used [0x0000000082000000,0x0000000083935818,0x0000000086080000)
 Metaspace       used 23928K, capacity 24546K, committed 24832K, reserved 1071104K
  class space    used 2784K, capacity 2967K, committed 3072K, reserved 1048576K
}
Event: 19.578 GC heap before
{Heap before GC invocations=12 (full 1):
 PSYoungGen      total 99328K, used 99006K [0x00000000d6000000, 0x00000000dd180000, 0x0000000100000000)
  eden space 85504K, 100% used [0x00000000d6000000,0x00000000db380000,0x00000000db380000)
  from space 13824K, 97% used [0x00000000dc200000,0x00000000dcf2f9d8,0x00000000dcf80000)
  to   space 14848K, 0% used [0x00000000db380000,0x00000000db380000,0x00000000dc200000)
 ParOldGen       total 66048K, used 25814K [0x0000000082000000, 0x0000000086080000, 0x00000000d6000000)
  object space 66048K, 39% used [0x0000000082000000,0x0000000083935818,0x0000000086080000)
 Metaspace       used 23932K, capacity 24546K, committed 24832K, reserved 1071104K
  class space    used 2784K, capacity 2967K, committed 3072K, reserved 1048576K
Event: 19.623 GC heap after
Heap after GC invocations=12 (full 1):
 PSYoungGen      total 100352K, used 14846K [0x00000000d6000000, 0x00000000df880000, 0x0000000100000000)
  eden space 85504K, 0% used [0x00000000d6000000,0x00000000d6000000,0x00000000db380000)
  from space 14848K, 99% used [0x00000000db380000,0x00000000dc1ff918,0x00000000dc200000)
  to   space 17408K, 0% used [0x00000000de780000,0x00000000de780000,0x00000000df880000)
 ParOldGen       total 66048K, used 28989K [0x0000000082000000, 0x0000000086080000, 0x00000000d6000000)
  object space 66048K, 43% used [0x0000000082000000,0x0000000083c4f5f8,0x0000000086080000)
 Metaspace       used 23932K, capacity 24546K, committed 24832K, reserved 1071104K
  class space    used 2784K, capacity 2967K, committed 3072K, reserved 1048576K
}

Deoptimization events (10 events):
Event: 16.046 Thread 0x000000000276e000 Uncommon trap: reason=unstable_if action=reinterpret pc=0x00000000038c3990 method=com.sun.org.apache.xerces.internal.impl.XMLEntityScanner.skipSpaces()Z @ 72
Event: 16.176 Thread 0x000000001bd43000 Uncommon trap: reason=unstable_if action=reinterpret pc=0x00000000030e10a4 method=java.lang.ThreadLocal.get()Ljava/lang/Object; @ 11
Event: 16.205 Thread 0x000000001bd43000 Uncommon trap: reason=bimorphic action=maybe_recompile pc=0x000000000302daec method=java.util.Hashtable.put(Ljava/lang/Object;Ljava/lang/Object;)Ljava/lang/Object; @ 18
Event: 16.205 Thread 0x000000001bd43000 Uncommon trap: reason=bimorphic action=maybe_recompile pc=0x000000000332cfd8 method=java.util.Hashtable.get(Ljava/lang/Object;)Ljava/lang/Object; @ 6
Event: 16.280 Thread 0x000000001bd43000 Uncommon trap: reason=class_check action=maybe_recompile pc=0x000000000388db84 method=sun.misc.URLClassPath.getLoader(I)Lsun/misc/URLClassPath$Loader; @ 94
Event: 16.281 Thread 0x000000001bd43000 Uncommon trap: reason=unstable_if action=reinterpret pc=0x0000000002e8b888 method=java.nio.charset.CharsetDecoder.decode(Ljava/nio/ByteBuffer;Ljava/nio/CharBuffer;Z)Ljava/nio/charset/CoderResult; @ 1
Event: 16.380 Thread 0x000000001bd43000 Uncommon trap: reason=class_check action=maybe_recompile pc=0x0000000003368634 method=java.util.Hashtable.addEntry(ILjava/lang/Object;Ljava/lang/Object;I)V @ 38
Event: 16.386 Thread 0x000000001bd43000 Uncommon trap: reason=unstable_if action=reinterpret pc=0x000000000388eef4 method=com.sun.org.apache.xerces.internal.impl.XMLEntityScanner.checkBeforeLoad(Lcom/sun/xml/internal/stream/Entity$ScannedEntity;II)I @ 18
Event: 16.543 Thread 0x000000001bd43000 Uncommon trap: reason=unstable_if action=reinterpret pc=0x0000000003931140 method=com.sun.org.apache.xerces.internal.impl.io.UTF8Reader.read([CII)I @ 131
Event: 18.009 Thread 0x000000001bd43000 Uncommon trap: reason=unstable_if action=reinterpret pc=0x000000000392ce98 method=org.codehaus.plexus.classworlds.realm.Entry.matches(Ljava/lang/String;)Z @ 209

Internal exceptions (10 events):
Event: 9.299 Thread 0x000000000276e000 Exception <a 'java/lang/NullPointerException'> (0x00000000d6c10330) thrown at [C:\re\workspace\8-2-build-windows-amd64-cygwin\jdk8u144\9417\hotspot\src\share\vm\interpreter\linkResolver.cpp, line 1197]
Event: 9.299 Thread 0x000000000276e000 Exception <a 'java/lang/NullPointerException'> (0x00000000d6c10548) thrown at [C:\re\workspace\8-2-build-windows-amd64-cygwin\jdk8u144\9417\hotspot\src\share\vm\interpreter\linkResolver.cpp, line 1197]
Event: 9.382 Thread 0x000000000276e000 Implicit null exception at 0x0000000002ff7a56 to 0x0000000002ff7df1
Event: 9.382 Thread 0x000000000276e000 Implicit null exception at 0x0000000002f50f16 to 0x0000000002f512b1
Event: 9.913 Thread 0x000000000276e000 Implicit null exception at 0x0000000003168255 to 0x0000000003168425
Event: 9.914 Thread 0x000000000276e000 Implicit null exception at 0x00000000030e60af to 0x00000000030e6119
Event: 9.995 Thread 0x000000000276e000 Implicit null exception at 0x000000000325781b to 0x0000000003257c81
Event: 11.747 Thread 0x000000000276e000 Implicit null exception at 0x000000000355f26f to 0x000000000355f4b1
Event: 14.452 Thread 0x000000000276e000 Exception <a 'java/io/FileNotFoundException'> (0x00000000d72a8670) thrown at [C:\re\workspace\8-2-build-windows-amd64-cygwin\jdk8u144\9417\hotspot\src\share\vm\prims\jni.cpp, line 709]
Event: 16.176 Thread 0x000000001bd43000 Implicit null exception at 0x00000000030e0fcb to 0x00000000030e1091

Events (10 events):
Event: 19.624 Executing VM operation: RevokeBias
Event: 19.624 Executing VM operation: RevokeBias done
Event: 19.624 Executing VM operation: RevokeBias
Event: 19.624 Executing VM operation: RevokeBias done
Event: 19.626 Executing VM operation: BulkRevokeBias
Event: 19.626 Executing VM operation: BulkRevokeBias done
Event: 19.627 Executing VM operation: RevokeBias
Event: 19.627 Executing VM operation: RevokeBias done
Event: 19.693 Executing VM operation: RevokeBias
Event: 19.693 Executing VM operation: RevokeBias done


Dynamic libraries:
0x00007ff773f80000 - 0x00007ff773fb7000 	E:\eclipse\javaenvironment\bin\javaw.exe
0x00007ffb771a0000 - 0x00007ffb77381000 	C:\WINDOWS\SYSTEM32\ntdll.dll
0x00007ffb76070000 - 0x00007ffb76122000 	C:\WINDOWS\System32\KERNEL32.DLL
0x00007ffb741b0000 - 0x00007ffb74423000 	C:\WINDOWS\System32\KERNELBASE.dll
0x00007ffb76ac0000 - 0x00007ffb76b61000 	C:\WINDOWS\System32\ADVAPI32.dll
0x00007ffb762a0000 - 0x00007ffb7633e000 	C:\WINDOWS\System32\msvcrt.dll
0x00007ffb763e0000 - 0x00007ffb7643b000 	C:\WINDOWS\System32\sechost.dll
0x00007ffb74630000 - 0x00007ffb74754000 	C:\WINDOWS\System32\RPCRT4.dll
0x00007ffb74840000 - 0x00007ffb749d0000 	C:\WINDOWS\System32\USER32.dll
0x00007ffb73e70000 - 0x00007ffb73e90000 	C:\WINDOWS\System32\win32u.dll
0x00007ffb76e00000 - 0x00007ffb76e28000 	C:\WINDOWS\System32\GDI32.dll
0x00007ffb74490000 - 0x00007ffb74622000 	C:\WINDOWS\System32\gdi32full.dll
0x00007ffb73c80000 - 0x00007ffb73d1f000 	C:\WINDOWS\System32\msvcp_win.dll
0x00007ffb73d20000 - 0x00007ffb73e1a000 	C:\WINDOWS\System32\ucrtbase.dll
0x00007ffb63a70000 - 0x00007ffb63cd9000 	C:\WINDOWS\WinSxS\amd64_microsoft.windows.common-controls_6595b64144ccf1df_6.0.17134.48_none_b4b2216a3cb4dd3e\COMCTL32.dll
0x00007ffb76e30000 - 0x00007ffb77153000 	C:\WINDOWS\System32\combase.dll
0x00007ffb73f40000 - 0x00007ffb73fba000 	C:\WINDOWS\System32\bcryptPrimitives.dll
0x00007ffb76040000 - 0x00007ffb7606d000 	C:\WINDOWS\System32\IMM32.DLL
0x0000000055600000 - 0x00000000556d2000 	E:\eclipse\javaenvironment\jre\bin\msvcr100.dll
0x0000000054d60000 - 0x00000000555fd000 	E:\eclipse\javaenvironment\jre\bin\server\jvm.dll
0x00007ffb77160000 - 0x00007ffb77168000 	C:\WINDOWS\System32\PSAPI.DLL
0x00007ffb66160000 - 0x00007ffb66169000 	C:\WINDOWS\SYSTEM32\WSOCK32.dll
0x00007ffb75fd0000 - 0x00007ffb7603c000 	C:\WINDOWS\System32\WS2_32.dll
0x00007ffb71200000 - 0x00007ffb71223000 	C:\WINDOWS\SYSTEM32\WINMM.dll
0x00007ffb67a80000 - 0x00007ffb67a8a000 	C:\WINDOWS\SYSTEM32\VERSION.dll
0x00007ffb711d0000 - 0x00007ffb711fa000 	C:\WINDOWS\SYSTEM32\winmmbase.dll
0x00007ffb73e20000 - 0x00007ffb73e69000 	C:\WINDOWS\System32\cfgmgr32.dll
0x0000000054d50000 - 0x0000000054d5f000 	E:\eclipse\javaenvironment\jre\bin\verify.dll
0x0000000054d20000 - 0x0000000054d49000 	E:\eclipse\javaenvironment\jre\bin\java.dll
0x0000000054d00000 - 0x0000000054d16000 	E:\eclipse\javaenvironment\jre\bin\zip.dll
0x00007ffb749d0000 - 0x00007ffb75e10000 	C:\WINDOWS\System32\SHELL32.dll
0x00007ffb76890000 - 0x00007ffb76939000 	C:\WINDOWS\System32\shcore.dll
0x00007ffb73570000 - 0x00007ffb73c7d000 	C:\WINDOWS\System32\windows.storage.dll
0x00007ffb76240000 - 0x00007ffb76291000 	C:\WINDOWS\System32\shlwapi.dll
0x00007ffb734b0000 - 0x00007ffb734c1000 	C:\WINDOWS\System32\kernel.appcore.dll
0x00007ffb73550000 - 0x00007ffb7356f000 	C:\WINDOWS\System32\profapi.dll
0x00007ffb734d0000 - 0x00007ffb7351c000 	C:\WINDOWS\System32\powrprof.dll
0x00007ffb73520000 - 0x00007ffb7352a000 	C:\WINDOWS\System32\FLTLIB.DLL
0x00007ffb72ee0000 - 0x00007ffb72ef7000 	C:\WINDOWS\SYSTEM32\CRYPTSP.dll
0x00007ffb72910000 - 0x00007ffb72943000 	C:\WINDOWS\system32\rsaenh.dll
0x00007ffb73010000 - 0x00007ffb73035000 	C:\WINDOWS\SYSTEM32\bcrypt.dll
0x00007ffb733b0000 - 0x00007ffb733d8000 	C:\WINDOWS\SYSTEM32\USERENV.dll
0x00007ffb72f00000 - 0x00007ffb72f0b000 	C:\WINDOWS\SYSTEM32\CRYPTBASE.dll
0x0000000054ce0000 - 0x0000000054cfa000 	E:\eclipse\javaenvironment\jre\bin\net.dll
0x00007ffb72d30000 - 0x00007ffb72d96000 	C:\WINDOWS\system32\mswsock.dll
0x00007ffb72ab0000 - 0x00007ffb72ae8000 	C:\WINDOWS\SYSTEM32\IPHLPAPI.DLL
0x00007ffb75fb0000 - 0x00007ffb75fb8000 	C:\WINDOWS\System32\NSI.dll
0x00007ffb6c350000 - 0x00007ffb6c366000 	C:\WINDOWS\SYSTEM32\dhcpcsvc6.DLL
0x00007ffb6c330000 - 0x00007ffb6c34a000 	C:\WINDOWS\SYSTEM32\dhcpcsvc.DLL
0x0000000054cc0000 - 0x0000000054cd1000 	E:\eclipse\javaenvironment\jre\bin\nio.dll
0x00007ffb679b0000 - 0x00007ffb679ba000 	C:\Users\Administrator\AppData\Local\Temp\jansi-1.17.1-4330659112888411173.dll
0x00007ffb679a0000 - 0x00007ffb679aa000 	C:\Users\Administrator\AppData\Local\Temp\jansi-1.17.1-4904435846102062580.dll
0x0000000054cb0000 - 0x0000000054cbd000 	E:\eclipse\javaenvironment\jre\bin\management.dll

VM Arguments:
jvm_args: -Dmaven.home=F:\maven\apache-maven-3.5.4 -Dclassworlds.conf=E:\eclipse\java\.metadata\.plugins\org.eclipse.m2e.launching\launches\m2conf2627532974126898884.tmp -Dmaven.multiModuleProjectDirectory=E:\eclipse\java\pinyougou-parent\pinyougou-search-web -Dfile.encoding=UTF-8 
java_command: org.codehaus.plexus.classworlds.launcher.Launcher -B -gs F:\maven\apache-maven-3.5.4\conf\settings.xml -s F:\maven\apache-maven-3.5.4\conf\settings.xml tomcat7:run
java_class_path (initial): F:\maven\apache-maven-3.5.4\boot\plexus-classworlds-2.5.2.jar
Launcher Type: SUN_STANDARD

Environment Variables:
JAVA_HOME=E:\eclipse\javaenvironment
CLASSPATH=.;E:\eclipse\javaenvironment\lib\dt.jar;E:\eclipse\javaenvironment\lib\tools.jar
PATH=E:/eclipse/javaenvironment/bin/../jre/bin/server;E:/eclipse/javaenvironment/bin/../jre/bin;E:/eclipse/javaenvironment/bin/../jre/lib/amd64;F:\ADS1.2\bin;F:\notepad\Notepad++7.5.6\Notepad++\plugins\database;F:\notepad\Notepad++7.5.6\Notepad++\plugins\PHP\ext;F:\notepad\Notepad++7.5.6\Notepad++\plugins\PHP;F:\notepad\we\Notepad++\plugins\database;F:\notepad\we\Notepad++\plugins\PHP\ext;F:\notepad\we\Notepad++\plugins\PHP;C:\WINDOWS\system32;C:\WINDOWS;C:\WINDOWS\System32\Wbem;C:\WINDOWS\System32\WindowsPowerShell\v1.0\;E:\eclipse\javaenvironment\bin;E:\eclipse\javaenvironment\jre\bin;C:\Program Files (x86)\Microsoft SQL Server\100\Tools\Binn\;C:\Program Files\Microsoft SQL Server\100\Tools\Binn\;C:\Program Files\Microsoft SQL Server\100\DTS\Binn\;F:\¹¤¾ß\QuickTime\QTSystem\;C:\WINDOWS\System32\OpenSSH\;F:\secure\crt\;F:\mysql\mysql-8.0.12-winx64\bin;F:\maven\apache-maven-3.5.4\bin;"F:\apache-ant-1.10.3\bin;";E:\python\Scripts\;E:\python\;C:\Users\Administrator\AppData\Local\Microsoft\WindowsApps;;C:\Users\Administrator\Desktop;
USERNAME=Administrator
OS=Windows_NT
PROCESSOR_IDENTIFIER=Intel64 Family 6 Model 58 Stepping 9, GenuineIntel



---------------  S Y S T E M  ---------------

OS: Windows 10.0 , 64 bit Build 17134 (10.0.17134.1)

CPU:total 4 (initial active 4) (2 cores per cpu, 2 threads per core) family 6 model 58 stepping 9, cmov, cx8, fxsr, mmx, sse, sse2, sse3, ssse3, sse4.1, sse4.2, popcnt, avx, clmul, erms, ht, tsc, tscinvbit, tscinv

Memory: 4k page, physical 8254308k(1884532k free), swap 8254308k(5132k free)

vm_info: Java HotSpot(TM) 64-Bit Server VM (25.144-b01) for windows-amd64 JRE (1.8.0_144-b01), built on Jul 21 2017 21:57:33 by "java_re" with MS VC++ 10.0 (VS2010)

time: Fri Sep 14 18:21:34 2018
elapsed time: 19 seconds (0d 0h 0m 19s)

